#
# There is insufficient memory for the Java Runtime Environment to continue.
# Native memory allocation (malloc) failed to allocate 2085136 bytes for Chunk::new
# Possible reasons:
#   The system is out of physical RAM or swap space
#   The process is running with CompressedOops enabled, and the Java Heap may be blocking the growth of the native heap
# Possible solutions:
#   Reduce memory load on the system
#   Increase physical memory or swap space
#   Check if swap backing store is full
#   Decrease Java heap size (-Xmx/-Xms)
#   Decrease number of Java threads
#   Decrease Java thread stack sizes (-Xss)
#   Set larger code cache with -XX:ReservedCodeCacheSize=
#   JVM is running with Unscaled Compressed Oops mode in which the Java heap is
#     placed in the first 4GB address space. The Java Heap base address is the
#     maximum limit for the native heap growth. Please use -XX:HeapBaseMinAddress
#     to set the Java Heap base and to place the Java Heap above 4GB virtual address.
# This output file may be truncated or incomplete.
#
#  Out of Memory Error (./src/hotspot/share/memory/arena.cpp:197), pid=9536, tid=11792
#
# JRE version: OpenJDK Runtime Environment (11.0.10) (build 11.0.10+0-b96-7249189)
# Java VM: OpenJDK 64-Bit Server VM (11.0.10+0-b96-7249189, mixed mode, tiered, compressed oops, g1 gc, windows-amd64)
# No core dump will be written. Minidumps are not enabled by default on client versions of Windows
#

---------------  S U M M A R Y ------------

Command Line: --add-opens=java.base/java.util=ALL-UNNAMED --add-opens=java.base/java.lang=ALL-UNNAMED --add-opens=java.base/java.lang.invoke=ALL-UNNAMED --add-opens=java.base/java.util=ALL-UNNAMED --add-opens=java.prefs/java.util.prefs=ALL-UNNAMED --add-opens=java.prefs/java.util.prefs=ALL-UNNAMED --add-opens=java.base/java.nio.charset=ALL-UNNAMED --add-opens=java.base/java.net=ALL-UNNAMED --add-opens=java.base/java.util.concurrent.atomic=ALL-UNNAMED -Xmx2048m -Dfile.encoding=UTF-8 -Duser.country=US -Duser.language=en -Duser.variant org.gradle.launcher.daemon.bootstrap.GradleDaemon 7.0.2

Host: Intel(R) Core(TM) i5-10400T CPU @ 2.00GHz, 12 cores, 7G,  Windows 10 , 64 bit Build 19041 (10.0.19041.1503)
Time: Mon Apr  4 14:45:33 2022 SE Asia Standard Time elapsed time: 1041.768865 seconds (0d 0h 17m 21s)

---------------  T H R E A D  ---------------

Current thread (0x0000016cdf91b800):  JavaThread "C2 CompilerThread1" daemon [_thread_in_native, id=11792, stack(0x0000005b03700000,0x0000005b03800000)]


Current CompileTask:
C2:1041768 28742       4       org.gradle.internal.graph.CachingDirectedGraphWalker::doSearch (659 bytes)

Stack: [0x0000005b03700000,0x0000005b03800000]
Native frames: (J=compiled Java code, j=interpreted, Vv=VM code, C=native code)
V  [jvm.dll+0x5ecfaa]
V  [jvm.dll+0x722bd5]
V  [jvm.dll+0x72412d]
V  [jvm.dll+0x7247e3]
V  [jvm.dll+0x242928]
V  [jvm.dll+0xbc4fc]
V  [jvm.dll+0xbca0c]
V  [jvm.dll+0x352d7d]
V  [jvm.dll+0x320ad3]
V  [jvm.dll+0x31ffca]
V  [jvm.dll+0x1fb602]
V  [jvm.dll+0x1fa7f4]
V  [jvm.dll+0x18354c]
V  [jvm.dll+0x208ee7]
V  [jvm.dll+0x207731]
V  [jvm.dll+0x6eb1cf]
V  [jvm.dll+0x6e3d45]
V  [jvm.dll+0x5ebe96]
C  [ucrtbase.dll+0x21bb2]
C  [KERNEL32.DLL+0x17034]
C  [ntdll.dll+0x52651]


---------------  P R O C E S S  ---------------

Threads class SMR info:
_java_thread_list=0x0000016cd439dc30, length=102, elements={
0x0000016cb3e6c800, 0x0000016cd06b2000, 0x0000016cd06b6000, 0x0000016cd06cd000,
0x0000016cd06ce000, 0x0000016cd06d0800, 0x0000016cd06d4000, 0x0000016cd06d5000,
0x0000016cd06e2000, 0x0000016cd1197000, 0x0000016cd2f9b800, 0x0000016cd2835000,
0x0000016cd132d000, 0x0000016cd40e3000, 0x0000016cd40e7800, 0x0000016cd40e6800,
0x0000016cd40e5000, 0x0000016cd40e5800, 0x0000016cd3c72000, 0x0000016cd3c70800,
0x0000016cd3c75000, 0x0000016cd3c76000, 0x0000016cd3c77800, 0x0000016cd69b0800,
0x0000016cd69b3000, 0x0000016cd69ad000, 0x0000016cd69b8800, 0x0000016cd69b3800,
0x0000016cd69b5800, 0x0000016cd69b6000, 0x0000016cd69b4800, 0x0000016cd69ba000,
0x0000016cd69bc000, 0x0000016cd69b8000, 0x0000016cd8bfb000, 0x0000016cd6f37800,
0x0000016cd6f3f800, 0x0000016cd43a2800, 0x0000016cd43a4000, 0x0000016cd43a5000,
0x0000016cd43a0000, 0x0000016cd8c00800, 0x0000016cd6f34000, 0x0000016cd8c06800,
0x0000016cd6f35000, 0x0000016cd8bff000, 0x0000016cd69b9800, 0x0000016cd40e8000,
0x0000016cd6f36800, 0x0000016cd43aa800, 0x0000016cd8bf9000, 0x0000016cdf922000,
0x0000016cd6f39000, 0x0000016cd6f3b800, 0x0000016cdf924800, 0x0000016cd43ad000,
0x0000016cd43ae000, 0x0000016cd3c73000, 0x0000016cdf925000, 0x0000016cdf923800,
0x0000016cd6f35800, 0x0000016cd8bfd800, 0x0000016cd3c6f800, 0x0000016cd3c78800,
0x0000016cd3c79800, 0x0000016cd3c73800, 0x0000016cd3c7a000, 0x0000016cd3c7b000,
0x0000016cd3c7b800, 0x0000016cd3c7c800, 0x0000016cd3c7d800, 0x0000016cdf91c000,
0x0000016cdf91d000, 0x0000016cdf91b800, 0x0000016cdf917800, 0x0000016cdf91a000,
0x0000016cdf91e000, 0x0000016cdf918000, 0x0000016cdf91a800, 0x0000016cdf91e800,
0x0000016cdf919000, 0x0000016cdf91f800, 0x0000016cdf923000, 0x0000016cdf926000,
0x0000016cdf920800, 0x0000016cdf921000, 0x0000016cd8bfc800, 0x0000016cd8bf7800,
0x0000016cd8bfa000, 0x0000016cd8bfb800, 0x0000016cd8bfe000, 0x0000016cd8bf8800,
0x0000016cd8c04000, 0x0000016cd8c05800, 0x0000016cd8c01800, 0x0000016cd8c02000,
0x0000016cd8c03000, 0x0000016cd8bff800, 0x0000016cd439f800, 0x0000016cd43a6000,
0x0000016cd43a6800, 0x0000016cd43a1000
}

Java Threads: ( => current thread )
  0x0000016cb3e6c800 JavaThread "main" [_thread_blocked, id=3688, stack(0x0000005b00000000,0x0000005b00100000)]
  0x0000016cd06b2000 JavaThread "Reference Handler" daemon [_thread_blocked, id=8840, stack(0x0000005b00700000,0x0000005b00800000)]
  0x0000016cd06b6000 JavaThread "Finalizer" daemon [_thread_blocked, id=12476, stack(0x0000005b00800000,0x0000005b00900000)]
  0x0000016cd06cd000 JavaThread "Signal Dispatcher" daemon [_thread_blocked, id=9440, stack(0x0000005b00900000,0x0000005b00a00000)]
  0x0000016cd06ce000 JavaThread "Attach Listener" daemon [_thread_blocked, id=808, stack(0x0000005b00a00000,0x0000005b00b00000)]
  0x0000016cd06d0800 JavaThread "Service Thread" daemon [_thread_blocked, id=8936, stack(0x0000005b00b00000,0x0000005b00c00000)]
  0x0000016cd06d4000 JavaThread "C2 CompilerThread0" daemon [_thread_in_native, id=14916, stack(0x0000005b00c00000,0x0000005b00d00000)]
  0x0000016cd06d5000 JavaThread "C1 CompilerThread0" daemon [_thread_blocked, id=6888, stack(0x0000005b00d00000,0x0000005b00e00000)]
  0x0000016cd06e2000 JavaThread "Sweeper thread" daemon [_thread_blocked, id=8032, stack(0x0000005b00e00000,0x0000005b00f00000)]
  0x0000016cd1197000 JavaThread "Common-Cleaner" daemon [_thread_blocked, id=15828, stack(0x0000005b00f00000,0x0000005b01000000)]
  0x0000016cd2f9b800 JavaThread "Daemon health stats" [_thread_blocked, id=14392, stack(0x0000005b01300000,0x0000005b01400000)]
  0x0000016cd2835000 JavaThread "Incoming local TCP Connector on port 56225" [_thread_in_native, id=9432, stack(0x0000005b01100000,0x0000005b01200000)]
  0x0000016cd132d000 JavaThread "Daemon periodic checks" [_thread_blocked, id=12344, stack(0x0000005b01400000,0x0000005b01500000)]
  0x0000016cd40e3000 JavaThread "Cache worker for file hash cache (C:\Users\ssd-dev1\.gradle\caches\7.0.2\fileHashes)" [_thread_blocked, id=3936, stack(0x0000005b02600000,0x0000005b02700000)]
  0x0000016cd40e7800 JavaThread "File lock request listener" [_thread_in_native, id=14852, stack(0x0000005b02700000,0x0000005b02800000)]
  0x0000016cd40e6800 JavaThread "Cache worker for journal cache (C:\Users\ssd-dev1\.gradle\caches\journal-1)" [_thread_blocked, id=8696, stack(0x0000005b02a00000,0x0000005b02b00000)]
  0x0000016cd40e5000 JavaThread "File watcher server" daemon [_thread_in_native, id=10620, stack(0x0000005b02c00000,0x0000005b02d00000)]
  0x0000016cd40e5800 JavaThread "File watcher consumer" daemon [_thread_blocked, id=16096, stack(0x0000005b02d00000,0x0000005b02e00000)]
  0x0000016cd3c72000 JavaThread "Cache worker for execution history cache (C:\Users\ssd-dev1\.gradle\caches\7.0.2\executionHistory)" [_thread_blocked, id=14584, stack(0x0000005b03100000,0x0000005b03200000)]
  0x0000016cd3c70800 JavaThread "jar transforms" [_thread_blocked, id=3580, stack(0x0000005b03200000,0x0000005b03300000)]
  0x0000016cd3c75000 JavaThread "jar transforms Thread 2" [_thread_blocked, id=13660, stack(0x0000005b03300000,0x0000005b03400000)]
  0x0000016cd3c76000 JavaThread "Cache worker for file content cache (C:\Users\ssd-dev1\.gradle\caches\7.0.2\fileContent)" [_thread_blocked, id=2432, stack(0x0000005b03400000,0x0000005b03500000)]
  0x0000016cd3c77800 JavaThread "jar transforms Thread 3" [_thread_blocked, id=14912, stack(0x0000005b03600000,0x0000005b03700000)]
  0x0000016cd69b0800 JavaThread "jar transforms Thread 4" [_thread_blocked, id=14840, stack(0x0000005b04400000,0x0000005b04500000)]
  0x0000016cd69b3000 JavaThread "jar transforms Thread 5" [_thread_blocked, id=1760, stack(0x0000005b04500000,0x0000005b04600000)]
  0x0000016cd69ad000 JavaThread "jar transforms Thread 6" [_thread_blocked, id=6872, stack(0x0000005b04600000,0x0000005b04700000)]
  0x0000016cd69b8800 JavaThread "jar transforms Thread 7" [_thread_blocked, id=7256, stack(0x0000005b04700000,0x0000005b04800000)]
  0x0000016cd69b3800 JavaThread "jar transforms Thread 8" [_thread_blocked, id=10192, stack(0x0000005b04800000,0x0000005b04900000)]
  0x0000016cd69b5800 JavaThread "jar transforms Thread 9" [_thread_blocked, id=15232, stack(0x0000005b04900000,0x0000005b04a00000)]
  0x0000016cd69b6000 JavaThread "jar transforms Thread 10" [_thread_blocked, id=1836, stack(0x0000005b04a00000,0x0000005b04b00000)]
  0x0000016cd69b4800 JavaThread "jar transforms Thread 11" [_thread_blocked, id=8168, stack(0x0000005b04b00000,0x0000005b04c00000)]
  0x0000016cd69ba000 JavaThread "jar transforms Thread 12" [_thread_blocked, id=10820, stack(0x0000005b04c00000,0x0000005b04d00000)]
  0x0000016cd69bc000 JavaThread "Memory manager" [_thread_blocked, id=10100, stack(0x0000005b04d00000,0x0000005b04e00000)]
  0x0000016cd69b8000 JavaThread "pool-3-thread-1" [_thread_blocked, id=4108, stack(0x0000005b04f00000,0x0000005b05000000)]
  0x0000016cd8bfb000 JavaThread "pool-6-thread-1" [_thread_blocked, id=7924, stack(0x0000005b05200000,0x0000005b05300000)]
  0x0000016cd6f37800 JavaThread "Cache worker for Java compile cache (C:\Users\ssd-dev1\.gradle\caches\7.0.2\javaCompile)" [_thread_blocked, id=152, stack(0x0000005b06000000,0x0000005b06100000)]
  0x0000016cd6f3f800 JavaThread "ForkJoinPool.commonPool-worker-19" daemon [_thread_blocked, id=3236, stack(0x0000005b06c00000,0x0000005b06d00000)]
  0x0000016cd43a2800 JavaThread "ForkJoinPool.commonPool-worker-23" daemon [_thread_blocked, id=3080, stack(0x0000005b07000000,0x0000005b07100000)]
  0x0000016cd43a4000 JavaThread "ForkJoinPool.commonPool-worker-31" daemon [_thread_blocked, id=10656, stack(0x0000005b07400000,0x0000005b07500000)]
  0x0000016cd43a5000 JavaThread "ForkJoinPool.commonPool-worker-17" daemon [_thread_blocked, id=10812, stack(0x0000005b07500000,0x0000005b07600000)]
  0x0000016cd43a0000 JavaThread "ForkJoinPool.commonPool-worker-7" daemon [_thread_blocked, id=3376, stack(0x0000005b07800000,0x0000005b07900000)]
  0x0000016cd8c00800 JavaThread "pool-10-thread-1" [_thread_blocked, id=7552, stack(0x0000005b04e00000,0x0000005b04f00000)]
  0x0000016cd6f34000 JavaThread "pool-14-thread-1" [_thread_blocked, id=15144, stack(0x0000005b05000000,0x0000005b05100000)]
  0x0000016cd8c06800 JavaThread "pool-17-thread-1" [_thread_blocked, id=9552, stack(0x0000005b05400000,0x0000005b05500000)]
  0x0000016cd6f35000 JavaThread "pool-21-thread-1" [_thread_blocked, id=12224, stack(0x0000005b05100000,0x0000005b05200000)]
  0x0000016cd8bff000 JavaThread "pool-24-thread-1" [_thread_blocked, id=1048, stack(0x0000005b05600000,0x0000005b05700000)]
  0x0000016cd69b9800 JavaThread "ForkJoinPool.commonPool-worker-29" daemon [_thread_blocked, id=3008, stack(0x0000005b07c00000,0x0000005b07d00000)]
  0x0000016cd40e8000 JavaThread "ForkJoinPool.commonPool-worker-1" daemon [_thread_blocked, id=15024, stack(0x0000005b07d00000,0x0000005b07e00000)]
  0x0000016cd6f36800 JavaThread "pool-28-thread-1" [_thread_blocked, id=14320, stack(0x0000005b05500000,0x0000005b05600000)]
  0x0000016cd43aa800 JavaThread "pool-32-thread-1" [_thread_blocked, id=7576, stack(0x0000005b05a00000,0x0000005b05b00000)]
  0x0000016cd8bf9000 JavaThread "pool-36-thread-1" [_thread_blocked, id=11532, stack(0x0000005b05900000,0x0000005b05a00000)]
  0x0000016cdf922000 JavaThread "pool-39-thread-1" [_thread_blocked, id=8224, stack(0x0000005b05b00000,0x0000005b05c00000)]
  0x0000016cd6f39000 JavaThread "Daemon Thread 7" [_thread_blocked, id=14364, stack(0x0000005b01500000,0x0000005b01600000)]
  0x0000016cd6f3b800 JavaThread "Daemon worker Thread 7" [_thread_blocked, id=10168, stack(0x0000005b01800000,0x0000005b01900000)]
  0x0000016cdf924800 JavaThread "pool-43-thread-1" [_thread_blocked, id=13112, stack(0x0000005b05700000,0x0000005b05800000)]
  0x0000016cd43ad000 JavaThread "ForkJoinPool.commonPool-worker-27" daemon [_thread_blocked, id=9316, stack(0x0000005b07f00000,0x0000005b08000000)]
  0x0000016cd43ae000 JavaThread "ForkJoinPool.commonPool-worker-3" daemon [_thread_blocked, id=10440, stack(0x0000005b08000000,0x0000005b08100000)]
  0x0000016cd3c73000 JavaThread "ForkJoinPool.commonPool-worker-9" daemon [_thread_blocked, id=16184, stack(0x0000005b08100000,0x0000005b08200000)]
  0x0000016cdf925000 JavaThread "pool-47-thread-1" [_thread_blocked, id=11172, stack(0x0000005b05800000,0x0000005b05900000)]
  0x0000016cdf923800 JavaThread "pool-50-thread-1" [_thread_blocked, id=8480, stack(0x0000005b05300000,0x0000005b05400000)]
  0x0000016cd6f35800 JavaThread "ForkJoinPool.commonPool-worker-13" daemon [_thread_blocked, id=4540, stack(0x0000005b08200000,0x0000005b08300000)]
  0x0000016cd8bfd800 JavaThread "pool-54-thread-1" [_thread_blocked, id=5144, stack(0x0000005b05d00000,0x0000005b05e00000)]
  0x0000016cd3c6f800 JavaThread "Handler for socket connection from /127.0.0.1:56225 to /127.0.0.1:56295" [_thread_in_native, id=12944, stack(0x0000005b01600000,0x0000005b01700000)]
  0x0000016cd3c78800 JavaThread "Cancel handler" [_thread_blocked, id=7240, stack(0x0000005b01700000,0x0000005b01800000)]
  0x0000016cd3c79800 JavaThread "Asynchronous log dispatcher for DefaultDaemonConnection: socket connection from /127.0.0.1:56225 to /127.0.0.1:56295" [_thread_blocked, id=5480, stack(0x0000005b01900000,0x0000005b01a00000)]
  0x0000016cd3c73800 JavaThread "Stdin handler" [_thread_blocked, id=7648, stack(0x0000005b01a00000,0x0000005b01b00000)]
  0x0000016cd3c7a000 JavaThread "Daemon client event forwarder" [_thread_in_native, id=7620, stack(0x0000005b01b00000,0x0000005b01c00000)]
  0x0000016cd3c7b000 JavaThread "Cache worker for file hash cache (C:\iInspector\.gradle\7.0.2\fileHashes)" [_thread_blocked, id=11812, stack(0x0000005b01c00000,0x0000005b01d00000)]
  0x0000016cd3c7b800 JavaThread "Cache worker for checksums cache (C:\iInspector\.gradle\checksums)" [_thread_blocked, id=12420, stack(0x0000005b02b00000,0x0000005b02c00000)]
  0x0000016cd3c7c800 JavaThread "Cache worker for cache directory md-supplier (C:\Users\ssd-dev1\.gradle\caches\7.0.2\md-supplier)" [_thread_blocked, id=14936, stack(0x0000005b02e00000,0x0000005b02f00000)]
  0x0000016cd3c7d800 JavaThread "Cache worker for cache directory md-rule (C:\Users\ssd-dev1\.gradle\caches\7.0.2\md-rule)" [_thread_blocked, id=15376, stack(0x0000005b02f00000,0x0000005b03000000)]
  0x0000016cdf91c000 JavaThread "Cache worker for dependencies-accessors (C:\iInspector\.gradle\7.0.2\dependencies-accessors)" [_thread_blocked, id=836, stack(0x0000005b03000000,0x0000005b03100000)]
  0x0000016cdf91d000 JavaThread "Cache worker for Build Output Cleanup Cache (C:\iInspector\.gradle\buildOutputCleanup)" [_thread_blocked, id=14396, stack(0x0000005b03500000,0x0000005b03600000)]
=>0x0000016cdf91b800 JavaThread "C2 CompilerThread1" daemon [_thread_in_native, id=11792, stack(0x0000005b03700000,0x0000005b03800000)]
  0x0000016cdf917800 JavaThread "C2 CompilerThread2" daemon [_thread_in_native, id=12664, stack(0x0000005b03800000,0x0000005b03900000)]
  0x0000016cdf91a000 JavaThread "Build operations" [_thread_blocked, id=3188, stack(0x0000005b03900000,0x0000005b03a00000)]
  0x0000016cdf91e000 JavaThread "Build operations Thread 2" [_thread_blocked, id=10420, stack(0x0000005b03a00000,0x0000005b03b00000)]
  0x0000016cdf918000 JavaThread "Build operations Thread 3" [_thread_blocked, id=6444, stack(0x0000005b03b00000,0x0000005b03c00000)]
  0x0000016cdf91a800 JavaThread "Build operations Thread 4" [_thread_blocked, id=14200, stack(0x0000005b03c00000,0x0000005b03d00000)]
  0x0000016cdf91e800 JavaThread "Build operations Thread 5" [_thread_blocked, id=16308, stack(0x0000005b03d00000,0x0000005b03e00000)]
  0x0000016cdf919000 JavaThread "Build operations Thread 6" [_thread_blocked, id=4256, stack(0x0000005b03e00000,0x0000005b03f00000)]
  0x0000016cdf91f800 JavaThread "Build operations Thread 7" [_thread_blocked, id=788, stack(0x0000005b03f00000,0x0000005b04000000)]
  0x0000016cdf923000 JavaThread "Build operations Thread 8" [_thread_blocked, id=1720, stack(0x0000005b04000000,0x0000005b04100000)]
  0x0000016cdf926000 JavaThread "Build operations Thread 9" [_thread_blocked, id=1196, stack(0x0000005b04100000,0x0000005b04200000)]
  0x0000016cdf920800 JavaThread "Build operations Thread 10" [_thread_blocked, id=12340, stack(0x0000005b04200000,0x0000005b04300000)]
  0x0000016cdf921000 JavaThread "Build operations Thread 11" [_thread_blocked, id=9488, stack(0x0000005b04300000,0x0000005b04400000)]
  0x0000016cd8bfc800 JavaThread "Build operations Thread 12" [_thread_blocked, id=14832, stack(0x0000005b05c00000,0x0000005b05d00000)]
  0x0000016cd8bf7800 JavaThread "build event listener" [_thread_blocked, id=4436, stack(0x0000005b05e00000,0x0000005b05f00000)]
  0x0000016cd8bfa000 JavaThread "pool-58-thread-1" [_thread_blocked, id=8080, stack(0x0000005b05f00000,0x0000005b06000000)]
  0x0000016cd8bfb800 JavaThread "build event listener" [_thread_blocked, id=4452, stack(0x0000005b06100000,0x0000005b06200000)]
  0x0000016cd8bfe000 JavaThread "Execution worker for ':'" [_thread_in_vm, id=10220, stack(0x0000005b06200000,0x0000005b06300000)]
  0x0000016cd8bf8800 JavaThread "Execution worker for ':' Thread 2" [_thread_blocked, id=1664, stack(0x0000005b06300000,0x0000005b06400000)]
  0x0000016cd8c04000 JavaThread "Execution worker for ':' Thread 3" [_thread_blocked, id=15432, stack(0x0000005b06400000,0x0000005b06500000)]
  0x0000016cd8c05800 JavaThread "Execution worker for ':' Thread 4" [_thread_blocked, id=11484, stack(0x0000005b06500000,0x0000005b06600000)]
  0x0000016cd8c01800 JavaThread "Execution worker for ':' Thread 5" [_thread_blocked, id=1044, stack(0x0000005b06600000,0x0000005b06700000)]
  0x0000016cd8c02000 JavaThread "Execution worker for ':' Thread 6" [_thread_blocked, id=6832, stack(0x0000005b06700000,0x0000005b06800000)]
  0x0000016cd8c03000 JavaThread "Execution worker for ':' Thread 7" [_thread_blocked, id=6164, stack(0x0000005b06800000,0x0000005b06900000)]
  0x0000016cd8bff800 JavaThread "Execution worker for ':' Thread 8" [_thread_blocked, id=15972, stack(0x0000005b06900000,0x0000005b06a00000)]
  0x0000016cd439f800 JavaThread "Execution worker for ':' Thread 9" [_thread_blocked, id=9192, stack(0x0000005b06a00000,0x0000005b06b00000)]
  0x0000016cd43a6000 JavaThread "Execution worker for ':' Thread 10" [_thread_blocked, id=14220, stack(0x0000005b06b00000,0x0000005b06c00000)]
  0x0000016cd43a6800 JavaThread "Execution worker for ':' Thread 11" [_thread_blocked, id=8164, stack(0x0000005b06d00000,0x0000005b06e00000)]
  0x0000016cd43a1000 JavaThread "Cache worker for execution history cache (C:\iInspector\.gradle\7.0.2\executionHistory)" [_thread_blocked, id=5500, stack(0x0000005b06e00000,0x0000005b06f00000)]

Other Threads:
  0x0000016cd06b0000 VMThread "VM Thread" [stack: 0x0000005b00600000,0x0000005b00700000] [id=10180]
  0x0000016cd11b3800 WatcherThread [stack: 0x0000005b01000000,0x0000005b01100000] [id=10856]
  0x0000016cb3e84800 GCTaskThread "GC Thread#0" [stack: 0x0000005b00100000,0x0000005b00200000] [id=11632]
  0x0000016cd1d29800 GCTaskThread "GC Thread#1" [stack: 0x0000005b01200000,0x0000005b01300000] [id=8692]
  0x0000016cd400c800 GCTaskThread "GC Thread#2" [stack: 0x0000005b01d00000,0x0000005b01e00000] [id=4344]
  0x0000016cd40ed800 GCTaskThread "GC Thread#3" [stack: 0x0000005b01e00000,0x0000005b01f00000] [id=6324]
  0x0000016cd38f9000 GCTaskThread "GC Thread#4" [stack: 0x0000005b01f00000,0x0000005b02000000] [id=9064]
  0x0000016cd38f9800 GCTaskThread "GC Thread#5" [stack: 0x0000005b02000000,0x0000005b02100000] [id=12484]
  0x0000016cd3d3e000 GCTaskThread "GC Thread#6" [stack: 0x0000005b02100000,0x0000005b02200000] [id=5548]
  0x0000016cd40ef800 GCTaskThread "GC Thread#7" [stack: 0x0000005b02200000,0x0000005b02300000] [id=7468]
  0x0000016cd40f0000 GCTaskThread "GC Thread#8" [stack: 0x0000005b02300000,0x0000005b02400000] [id=5864]
  0x0000016cd36c4000 GCTaskThread "GC Thread#9" [stack: 0x0000005b02400000,0x0000005b02500000] [id=9080]
  0x0000016cb3eb7800 ConcurrentGCThread "G1 Main Marker" [stack: 0x0000005b00200000,0x0000005b00300000] [id=9032]
  0x0000016cb3eb8800 ConcurrentGCThread "G1 Conc#0" [stack: 0x0000005b00300000,0x0000005b00400000] [id=10428]
  0x0000016cd34a6800 ConcurrentGCThread "G1 Conc#1" [stack: 0x0000005b02800000,0x0000005b02900000] [id=10020]
  0x0000016cd37eb800 ConcurrentGCThread "G1 Conc#2" [stack: 0x0000005b02900000,0x0000005b02a00000] [id=9016]
  0x0000016cb3f4e000 ConcurrentGCThread "G1 Refine#0" [stack: 0x0000005b00400000,0x0000005b00500000] [id=10664]
  0x0000016cd3b3d000 ConcurrentGCThread "G1 Refine#1" [stack: 0x0000005b02500000,0x0000005b02600000] [id=14060]
  0x0000016cd0500800 ConcurrentGCThread "G1 Young RemSet Sampling" [stack: 0x0000005b00500000,0x0000005b00600000] [id=10456]

Threads with active compile tasks:
C2 CompilerThread01041806 28787       4       org.gradle.api.internal.artifacts.transform.AttributeMatchingVariantSelector::doSelect (469 bytes)
C2 CompilerThread11041806 28742       4       org.gradle.internal.graph.CachingDirectedGraphWalker::doSearch (659 bytes)
C2 CompilerThread21041806 28666       4       org.gradle.api.internal.provider.DefaultValueSourceProviderFactory$ValueSourceProvider::calculateOwnValue (18 bytes)

VM state:not at safepoint (normal execution)

VM Mutex/Monitor currently owned by a thread: None

Heap address: 0x0000000080000000, size: 2048 MB, Compressed Oops mode: 32-bit
Narrow klass base: 0x0000000000000000, Narrow klass shift: 3
Compressed class space size: 1073741824 Address: 0x0000000100000000

Heap:
 garbage-first heap   total 210944K, used 158146K [0x0000000080000000, 0x0000000100000000)
  region size 1024K, 33 young (33792K), 2 survivors (2048K)
 Metaspace       used 124525K, capacity 129356K, committed 129484K, reserved 1161216K
  class space    used 15353K, capacity 17030K, committed 17100K, reserved 1048576K
Heap Regions: E=young(eden), S=young(survivor), O=old, HS=humongous(starts), HC=humongous(continues), CS=collection set, F=free, A=archive, TAMS=top-at-mark-start (previous, next)
|   0|0x0000000080000000, 0x0000000080100000, 0x0000000080100000|100%| O|  |TAMS 0x0000000080100000, 0x0000000080000000| Untracked 
|   1|0x0000000080100000, 0x0000000080200000, 0x0000000080200000|100%| O|  |TAMS 0x0000000080200000, 0x0000000080100000| Untracked 
|   2|0x0000000080200000, 0x0000000080300000, 0x0000000080300000|100%| O|  |TAMS 0x0000000080300000, 0x0000000080200000| Untracked 
|   3|0x0000000080300000, 0x0000000080400000, 0x0000000080400000|100%|HS|  |TAMS 0x0000000080400000, 0x0000000080300000| Complete 
|   4|0x0000000080400000, 0x0000000080500000, 0x0000000080500000|100%|HC|  |TAMS 0x0000000080500000, 0x0000000080400000| Complete 
|   5|0x0000000080500000, 0x0000000080600000, 0x0000000080600000|100%|HC|  |TAMS 0x0000000080600000, 0x0000000080500000| Complete 
|   6|0x0000000080600000, 0x0000000080700000, 0x0000000080700000|100%| O|  |TAMS 0x0000000080700000, 0x0000000080600000| Untracked 
|   7|0x0000000080700000, 0x0000000080800000, 0x0000000080800000|100%| O|  |TAMS 0x0000000080800000, 0x0000000080700000| Untracked 
|   8|0x0000000080800000, 0x0000000080900000, 0x0000000080900000|100%| O|  |TAMS 0x0000000080900000, 0x0000000080800000| Untracked 
|   9|0x0000000080900000, 0x0000000080a00000, 0x0000000080a00000|100%| O|  |TAMS 0x0000000080a00000, 0x0000000080900000| Untracked 
|  10|0x0000000080a00000, 0x0000000080b00000, 0x0000000080b00000|100%| O|  |TAMS 0x0000000080b00000, 0x0000000080a00000| Untracked 
|  11|0x0000000080b00000, 0x0000000080c00000, 0x0000000080c00000|100%| O|  |TAMS 0x0000000080c00000, 0x0000000080b00000| Untracked 
|  12|0x0000000080c00000, 0x0000000080d00000, 0x0000000080d00000|100%| O|  |TAMS 0x0000000080d00000, 0x0000000080c00000| Untracked 
|  13|0x0000000080d00000, 0x0000000080e00000, 0x0000000080e00000|100%| O|  |TAMS 0x0000000080e00000, 0x0000000080d00000| Untracked 
|  14|0x0000000080e00000, 0x0000000080f00000, 0x0000000080f00000|100%| O|  |TAMS 0x0000000080f00000, 0x0000000080e00000| Untracked 
|  15|0x0000000080f00000, 0x0000000081000000, 0x0000000081000000|100%| O|  |TAMS 0x0000000081000000, 0x0000000080f00000| Untracked 
|  16|0x0000000081000000, 0x0000000081100000, 0x0000000081100000|100%| O|  |TAMS 0x0000000081100000, 0x0000000081000000| Untracked 
|  17|0x0000000081100000, 0x0000000081200000, 0x0000000081200000|100%| O|  |TAMS 0x0000000081200000, 0x0000000081100000| Untracked 
|  18|0x0000000081200000, 0x0000000081300000, 0x0000000081300000|100%| O|  |TAMS 0x0000000081300000, 0x0000000081200000| Untracked 
|  19|0x0000000081300000, 0x0000000081400000, 0x0000000081400000|100%| O|  |TAMS 0x0000000081400000, 0x0000000081300000| Untracked 
|  20|0x0000000081400000, 0x0000000081500000, 0x0000000081500000|100%| O|  |TAMS 0x0000000081400000, 0x0000000081400000| Untracked 
|  21|0x0000000081500000, 0x0000000081600000, 0x0000000081600000|100%| O|  |TAMS 0x0000000081600000, 0x0000000081500000| Untracked 
|  22|0x0000000081600000, 0x0000000081700000, 0x0000000081700000|100%| O|  |TAMS 0x0000000081700000, 0x0000000081600000| Untracked 
|  23|0x0000000081700000, 0x0000000081800000, 0x0000000081800000|100%| O|  |TAMS 0x0000000081800000, 0x0000000081700000| Untracked 
|  24|0x0000000081800000, 0x0000000081900000, 0x0000000081900000|100%| O|  |TAMS 0x0000000081900000, 0x0000000081800000| Untracked 
|  25|0x0000000081900000, 0x0000000081a00000, 0x0000000081a00000|100%| O|  |TAMS 0x0000000081a00000, 0x0000000081900000| Untracked 
|  26|0x0000000081a00000, 0x0000000081b00000, 0x0000000081b00000|100%|HS|  |TAMS 0x0000000081b00000, 0x0000000081a00000| Complete 
|  27|0x0000000081b00000, 0x0000000081c00000, 0x0000000081c00000|100%|HS|  |TAMS 0x0000000081c00000, 0x0000000081b00000| Complete 
|  28|0x0000000081c00000, 0x0000000081d00000, 0x0000000081d00000|100%|HS|  |TAMS 0x0000000081d00000, 0x0000000081c00000| Complete 
|  29|0x0000000081d00000, 0x0000000081e00000, 0x0000000081e00000|100%|HC|  |TAMS 0x0000000081e00000, 0x0000000081d00000| Complete 
|  30|0x0000000081e00000, 0x0000000081f00000, 0x0000000081f00000|100%| O|  |TAMS 0x0000000081f00000, 0x0000000081e00000| Untracked 
|  31|0x0000000081f00000, 0x0000000082000000, 0x0000000082000000|100%| O|  |TAMS 0x0000000082000000, 0x0000000081f00000| Untracked 
|  32|0x0000000082000000, 0x0000000082100000, 0x0000000082100000|100%| O|  |TAMS 0x0000000082100000, 0x0000000082000000| Untracked 
|  33|0x0000000082100000, 0x0000000082200000, 0x0000000082200000|100%| O|  |TAMS 0x0000000082200000, 0x0000000082100000| Untracked 
|  34|0x0000000082200000, 0x0000000082300000, 0x0000000082300000|100%| O|  |TAMS 0x0000000082300000, 0x0000000082200000| Untracked 
|  35|0x0000000082300000, 0x0000000082400000, 0x0000000082400000|100%| O|  |TAMS 0x0000000082400000, 0x0000000082300000| Untracked 
|  36|0x0000000082400000, 0x0000000082500000, 0x0000000082500000|100%| O|  |TAMS 0x0000000082400000, 0x0000000082400000| Untracked 
|  37|0x0000000082500000, 0x0000000082600000, 0x0000000082600000|100%| O|  |TAMS 0x0000000082600000, 0x0000000082500000| Untracked 
|  38|0x0000000082600000, 0x0000000082700000, 0x0000000082700000|100%| O|  |TAMS 0x0000000082700000, 0x0000000082600000| Untracked 
|  39|0x0000000082700000, 0x0000000082800000, 0x0000000082800000|100%| O|  |TAMS 0x0000000082800000, 0x0000000082700000| Untracked 
|  40|0x0000000082800000, 0x0000000082900000, 0x0000000082900000|100%| O|  |TAMS 0x0000000082900000, 0x0000000082800000| Untracked 
|  41|0x0000000082900000, 0x0000000082a00000, 0x0000000082a00000|100%| O|  |TAMS 0x0000000082a00000, 0x0000000082900000| Untracked 
|  42|0x0000000082a00000, 0x0000000082b00000, 0x0000000082b00000|100%| O|  |TAMS 0x0000000082b00000, 0x0000000082a00000| Untracked 
|  43|0x0000000082b00000, 0x0000000082c00000, 0x0000000082c00000|100%| O|  |TAMS 0x0000000082c00000, 0x0000000082b00000| Untracked 
|  44|0x0000000082c00000, 0x0000000082d00000, 0x0000000082d00000|100%| O|  |TAMS 0x0000000082d00000, 0x0000000082c00000| Untracked 
|  45|0x0000000082d00000, 0x0000000082e00000, 0x0000000082e00000|100%| O|  |TAMS 0x0000000082e00000, 0x0000000082d00000| Untracked 
|  46|0x0000000082e00000, 0x0000000082f00000, 0x0000000082f00000|100%| O|  |TAMS 0x0000000082f00000, 0x0000000082e00000| Untracked 
|  47|0x0000000082f00000, 0x0000000083000000, 0x0000000083000000|100%| O|  |TAMS 0x0000000083000000, 0x0000000082f00000| Untracked 
|  48|0x0000000083000000, 0x0000000083100000, 0x0000000083100000|100%| O|  |TAMS 0x0000000083100000, 0x0000000083000000| Untracked 
|  49|0x0000000083100000, 0x0000000083200000, 0x0000000083200000|100%| O|  |TAMS 0x0000000083200000, 0x0000000083100000| Untracked 
|  50|0x0000000083200000, 0x0000000083300000, 0x0000000083300000|100%| O|  |TAMS 0x0000000083300000, 0x0000000083200000| Untracked 
|  51|0x0000000083300000, 0x0000000083400000, 0x0000000083400000|100%| O|  |TAMS 0x0000000083400000, 0x0000000083300000| Untracked 
|  52|0x0000000083400000, 0x0000000083500000, 0x0000000083500000|100%| O|  |TAMS 0x0000000083500000, 0x0000000083400000| Untracked 
|  53|0x0000000083500000, 0x0000000083600000, 0x0000000083600000|100%| O|  |TAMS 0x0000000083600000, 0x0000000083500000| Untracked 
|  54|0x0000000083600000, 0x0000000083700000, 0x0000000083700000|100%| O|  |TAMS 0x0000000083700000, 0x0000000083600000| Untracked 
|  55|0x0000000083700000, 0x0000000083800000, 0x0000000083800000|100%| O|  |TAMS 0x0000000083800000, 0x0000000083700000| Untracked 
|  56|0x0000000083800000, 0x0000000083900000, 0x0000000083900000|100%| O|  |TAMS 0x0000000083900000, 0x0000000083800000| Untracked 
|  57|0x0000000083900000, 0x0000000083a00000, 0x0000000083a00000|100%| O|  |TAMS 0x0000000083a00000, 0x0000000083900000| Untracked 
|  58|0x0000000083a00000, 0x0000000083ac4a00, 0x0000000083b00000| 76%| O|  |TAMS 0x0000000083a00000, 0x0000000083a00000| Untracked 
|  59|0x0000000083b00000, 0x0000000083c00000, 0x0000000083c00000|100%| O|  |TAMS 0x0000000083c00000, 0x0000000083b00000| Untracked 
|  60|0x0000000083c00000, 0x0000000083d00000, 0x0000000083d00000|100%| O|  |TAMS 0x0000000083d00000, 0x0000000083c00000| Untracked 
|  61|0x0000000083d00000, 0x0000000083e00000, 0x0000000083e00000|100%| O|  |TAMS 0x0000000083e00000, 0x0000000083d00000| Untracked 
|  62|0x0000000083e00000, 0x0000000083f00000, 0x0000000083f00000|100%| O|  |TAMS 0x0000000083f00000, 0x0000000083e00000| Untracked 
|  63|0x0000000083f00000, 0x0000000084000000, 0x0000000084000000|100%| O|  |TAMS 0x0000000084000000, 0x0000000083f00000| Untracked 
|  64|0x0000000084000000, 0x0000000084100000, 0x0000000084100000|100%| O|  |TAMS 0x0000000084100000, 0x0000000084000000| Untracked 
|  65|0x0000000084100000, 0x0000000084200000, 0x0000000084200000|100%| O|  |TAMS 0x0000000084200000, 0x0000000084100000| Untracked 
|  66|0x0000000084200000, 0x0000000084300000, 0x0000000084300000|100%| O|  |TAMS 0x0000000084300000, 0x0000000084200000| Untracked 
|  67|0x0000000084300000, 0x0000000084400000, 0x0000000084400000|100%| O|  |TAMS 0x0000000084400000, 0x0000000084300000| Untracked 
|  68|0x0000000084400000, 0x0000000084500000, 0x0000000084500000|100%| O|  |TAMS 0x0000000084500000, 0x0000000084400000| Untracked 
|  69|0x0000000084500000, 0x0000000084600000, 0x0000000084600000|100%| O|  |TAMS 0x0000000084600000, 0x0000000084500000| Untracked 
|  70|0x0000000084600000, 0x0000000084700000, 0x0000000084700000|100%| O|  |TAMS 0x0000000084700000, 0x0000000084600000| Untracked 
|  71|0x0000000084700000, 0x0000000084700000, 0x0000000084800000|  0%| F|  |TAMS 0x0000000084700000, 0x0000000084700000| Untracked 
|  72|0x0000000084800000, 0x0000000084900000, 0x0000000084900000|100%| O|  |TAMS 0x0000000084900000, 0x0000000084800000| Untracked 
|  73|0x0000000084900000, 0x0000000084a00000, 0x0000000084a00000|100%| O|  |TAMS 0x0000000084a00000, 0x0000000084900000| Untracked 
|  74|0x0000000084a00000, 0x0000000084b00000, 0x0000000084b00000|100%| O|  |TAMS 0x0000000084b00000, 0x0000000084a00000| Untracked 
|  75|0x0000000084b00000, 0x0000000084c00000, 0x0000000084c00000|100%| O|  |TAMS 0x0000000084c00000, 0x0000000084b00000| Untracked 
|  76|0x0000000084c00000, 0x0000000084d00000, 0x0000000084d00000|100%| O|  |TAMS 0x0000000084d00000, 0x0000000084c00000| Untracked 
|  77|0x0000000084d00000, 0x0000000084e00000, 0x0000000084e00000|100%| O|  |TAMS 0x0000000084e00000, 0x0000000084d00000| Untracked 
|  78|0x0000000084e00000, 0x0000000084f00000, 0x0000000084f00000|100%| O|  |TAMS 0x0000000084f00000, 0x0000000084e00000| Untracked 
|  79|0x0000000084f00000, 0x0000000085000000, 0x0000000085000000|100%| O|  |TAMS 0x0000000085000000, 0x0000000084f00000| Untracked 
|  80|0x0000000085000000, 0x0000000085100000, 0x0000000085100000|100%| O|  |TAMS 0x0000000085100000, 0x0000000085000000| Untracked 
|  81|0x0000000085100000, 0x0000000085200000, 0x0000000085200000|100%| O|  |TAMS 0x0000000085200000, 0x0000000085100000| Untracked 
|  82|0x0000000085200000, 0x0000000085300000, 0x0000000085300000|100%| O|  |TAMS 0x0000000085300000, 0x0000000085200000| Untracked 
|  83|0x0000000085300000, 0x0000000085400000, 0x0000000085400000|100%| O|  |TAMS 0x0000000085400000, 0x0000000085300000| Untracked 
|  84|0x0000000085400000, 0x0000000085500000, 0x0000000085500000|100%|HS|  |TAMS 0x0000000085500000, 0x0000000085400000| Complete 
|  85|0x0000000085500000, 0x0000000085600000, 0x0000000085600000|100%|HC|  |TAMS 0x0000000085600000, 0x0000000085500000| Complete 
|  86|0x0000000085600000, 0x0000000085600000, 0x0000000085700000|  0%| F|  |TAMS 0x0000000085600000, 0x0000000085600000| Untracked 
|  87|0x0000000085700000, 0x0000000085800000, 0x0000000085800000|100%| O|  |TAMS 0x0000000085800000, 0x0000000085700000| Untracked 
|  88|0x0000000085800000, 0x0000000085900000, 0x0000000085900000|100%| O|  |TAMS 0x0000000085900000, 0x0000000085800000| Untracked 
|  89|0x0000000085900000, 0x0000000085a00000, 0x0000000085a00000|100%| O|  |TAMS 0x0000000085900000, 0x0000000085900000| Untracked 
|  90|0x0000000085a00000, 0x0000000085b00000, 0x0000000085b00000|100%| O|  |TAMS 0x0000000085b00000, 0x0000000085a00000| Untracked 
|  91|0x0000000085b00000, 0x0000000085c00000, 0x0000000085c00000|100%| O|  |TAMS 0x0000000085c00000, 0x0000000085b00000| Untracked 
|  92|0x0000000085c00000, 0x0000000085c00000, 0x0000000085d00000|  0%| F|  |TAMS 0x0000000085c00000, 0x0000000085c00000| Untracked 
|  93|0x0000000085d00000, 0x0000000085d00000, 0x0000000085e00000|  0%| F|  |TAMS 0x0000000085d00000, 0x0000000085d00000| Untracked 
|  94|0x0000000085e00000, 0x0000000085e00000, 0x0000000085f00000|  0%| F|  |TAMS 0x0000000085e00000, 0x0000000085e00000| Untracked 
|  95|0x0000000085f00000, 0x0000000085f00000, 0x0000000086000000|  0%| F|  |TAMS 0x0000000085f00000, 0x0000000085f00000| Untracked 
|  96|0x0000000086000000, 0x0000000086000000, 0x0000000086100000|  0%| F|  |TAMS 0x0000000086000000, 0x0000000086000000| Untracked 
|  97|0x0000000086100000, 0x0000000086100000, 0x0000000086200000|  0%| F|  |TAMS 0x0000000086100000, 0x0000000086100000| Untracked 
|  98|0x0000000086200000, 0x0000000086300000, 0x0000000086300000|100%| O|  |TAMS 0x0000000086300000, 0x0000000086200000| Untracked 
|  99|0x0000000086300000, 0x0000000086400000, 0x0000000086400000|100%| O|  |TAMS 0x0000000086400000, 0x0000000086300000| Untracked 
| 100|0x0000000086400000, 0x0000000086500000, 0x0000000086500000|100%| O|  |TAMS 0x0000000086500000, 0x0000000086400000| Untracked 
| 101|0x0000000086500000, 0x0000000086600000, 0x0000000086600000|100%| O|  |TAMS 0x0000000086600000, 0x0000000086500000| Untracked 
| 102|0x0000000086600000, 0x0000000086600000, 0x0000000086700000|  0%| F|  |TAMS 0x0000000086600000, 0x0000000086600000| Untracked 
| 103|0x0000000086700000, 0x0000000086800000, 0x0000000086800000|100%| O|  |TAMS 0x0000000086800000, 0x0000000086700000| Untracked 
| 104|0x0000000086800000, 0x0000000086900000, 0x0000000086900000|100%| O|  |TAMS 0x0000000086900000, 0x0000000086800000| Untracked 
| 105|0x0000000086900000, 0x0000000086900000, 0x0000000086a00000|  0%| F|  |TAMS 0x0000000086900000, 0x0000000086900000| Untracked 
| 106|0x0000000086a00000, 0x0000000086a00000, 0x0000000086b00000|  0%| F|  |TAMS 0x0000000086a00000, 0x0000000086a00000| Untracked 
| 107|0x0000000086b00000, 0x0000000086b00000, 0x0000000086c00000|  0%| F|  |TAMS 0x0000000086b00000, 0x0000000086b00000| Untracked 
| 108|0x0000000086c00000, 0x0000000086d00000, 0x0000000086d00000|100%| O|  |TAMS 0x0000000086d00000, 0x0000000086c00000| Untracked 
| 109|0x0000000086d00000, 0x0000000086d00000, 0x0000000086e00000|  0%| F|  |TAMS 0x0000000086d00000, 0x0000000086d00000| Untracked 
| 110|0x0000000086e00000, 0x0000000086f00000, 0x0000000086f00000|100%| O|  |TAMS 0x0000000086f00000, 0x0000000086e00000| Untracked 
| 111|0x0000000086f00000, 0x0000000087000000, 0x0000000087000000|100%| O|  |TAMS 0x0000000087000000, 0x0000000086f00000| Untracked 
| 112|0x0000000087000000, 0x0000000087000000, 0x0000000087100000|  0%| F|  |TAMS 0x0000000087000000, 0x0000000087000000| Untracked 
| 113|0x0000000087100000, 0x0000000087200000, 0x0000000087200000|100%| O|  |TAMS 0x0000000087100000, 0x0000000087100000| Untracked 
| 114|0x0000000087200000, 0x0000000087200000, 0x0000000087300000|  0%| F|  |TAMS 0x0000000087200000, 0x0000000087200000| Untracked 
| 115|0x0000000087300000, 0x0000000087300000, 0x0000000087400000|  0%| F|  |TAMS 0x0000000087300000, 0x0000000087300000| Untracked 
| 116|0x0000000087400000, 0x0000000087400000, 0x0000000087500000|  0%| F|  |TAMS 0x0000000087400000, 0x0000000087400000| Untracked 
| 117|0x0000000087500000, 0x0000000087500000, 0x0000000087600000|  0%| F|  |TAMS 0x0000000087500000, 0x0000000087500000| Untracked 
| 118|0x0000000087600000, 0x0000000087600000, 0x0000000087700000|  0%| F|  |TAMS 0x0000000087600000, 0x0000000087600000| Untracked 
| 119|0x0000000087700000, 0x0000000087800000, 0x0000000087800000|100%| O|  |TAMS 0x0000000087800000, 0x0000000087700000| Untracked 
| 120|0x0000000087800000, 0x0000000087900000, 0x0000000087900000|100%| O|  |TAMS 0x0000000087800000, 0x0000000087800000| Untracked 
| 121|0x0000000087900000, 0x0000000087a00000, 0x0000000087a00000|100%| O|  |TAMS 0x0000000087a00000, 0x0000000087900000| Untracked 
| 122|0x0000000087a00000, 0x0000000087b00000, 0x0000000087b00000|100%| O|  |TAMS 0x0000000087b00000, 0x0000000087a00000| Untracked 
| 123|0x0000000087b00000, 0x0000000087c00000, 0x0000000087c00000|100%| O|  |TAMS 0x0000000087c00000, 0x0000000087b00000| Untracked 
| 124|0x0000000087c00000, 0x0000000087d00000, 0x0000000087d00000|100%| O|  |TAMS 0x0000000087c00000, 0x0000000087c00000| Untracked 
| 125|0x0000000087d00000, 0x0000000087e00000, 0x0000000087e00000|100%| O|  |TAMS 0x0000000087d00000, 0x0000000087d00000| Untracked 
| 126|0x0000000087e00000, 0x0000000087f00000, 0x0000000087f00000|100%| O|  |TAMS 0x0000000087f00000, 0x0000000087e00000| Untracked 
| 127|0x0000000087f00000, 0x0000000088000000, 0x0000000088000000|100%| O|  |TAMS 0x0000000088000000, 0x0000000087f00000| Untracked 
| 128|0x0000000088000000, 0x0000000088100000, 0x0000000088100000|100%| O|  |TAMS 0x0000000088100000, 0x0000000088000000| Untracked 
| 129|0x0000000088100000, 0x0000000088100000, 0x0000000088200000|  0%| F|  |TAMS 0x0000000088100000, 0x0000000088100000| Untracked 
| 130|0x0000000088200000, 0x0000000088300000, 0x0000000088300000|100%| O|  |TAMS 0x00000000882fe400, 0x0000000088200000| Untracked 
| 131|0x0000000088300000, 0x0000000088300000, 0x0000000088400000|  0%| F|  |TAMS 0x0000000088300000, 0x0000000088300000| Untracked 
| 132|0x0000000088400000, 0x0000000088400000, 0x0000000088500000|  0%| F|  |TAMS 0x0000000088400000, 0x0000000088400000| Untracked 
| 133|0x0000000088500000, 0x0000000088500000, 0x0000000088600000|  0%| F|  |TAMS 0x0000000088500000, 0x0000000088500000| Untracked 
| 134|0x0000000088600000, 0x0000000088600000, 0x0000000088700000|  0%| F|  |TAMS 0x0000000088600000, 0x0000000088600000| Untracked 
| 135|0x0000000088700000, 0x0000000088800000, 0x0000000088800000|100%| O|  |TAMS 0x0000000088800000, 0x0000000088700000| Untracked 
| 136|0x0000000088800000, 0x0000000088900000, 0x0000000088900000|100%| O|  |TAMS 0x0000000088900000, 0x0000000088800000| Untracked 
| 137|0x0000000088900000, 0x0000000088a00000, 0x0000000088a00000|100%| O|  |TAMS 0x0000000088a00000, 0x0000000088900000| Untracked 
| 138|0x0000000088a00000, 0x0000000088b00000, 0x0000000088b00000|100%| O|  |TAMS 0x0000000088b00000, 0x0000000088a00000| Untracked 
| 139|0x0000000088b00000, 0x0000000088c00000, 0x0000000088c00000|100%| O|  |TAMS 0x0000000088c00000, 0x0000000088b00000| Untracked 
| 140|0x0000000088c00000, 0x0000000088d00000, 0x0000000088d00000|100%| O|  |TAMS 0x0000000088d00000, 0x0000000088c00000| Untracked 
| 141|0x0000000088d00000, 0x0000000088e00000, 0x0000000088e00000|100%| O|  |TAMS 0x0000000088e00000, 0x0000000088d00000| Untracked 
| 142|0x0000000088e00000, 0x0000000088f00000, 0x0000000088f00000|100%| O|  |TAMS 0x0000000088f00000, 0x0000000088e00000| Untracked 
| 143|0x0000000088f00000, 0x0000000089000000, 0x0000000089000000|100%| O|  |TAMS 0x0000000089000000, 0x0000000088f00000| Untracked 
| 144|0x0000000089000000, 0x0000000089100000, 0x0000000089100000|100%| O|  |TAMS 0x0000000089100000, 0x0000000089000000| Untracked 
| 145|0x0000000089100000, 0x0000000089200000, 0x0000000089200000|100%| O|  |TAMS 0x0000000089200000, 0x0000000089100000| Untracked 
| 146|0x0000000089200000, 0x0000000089300000, 0x0000000089300000|100%| O|  |TAMS 0x0000000089300000, 0x0000000089200000| Untracked 
| 147|0x0000000089300000, 0x0000000089400000, 0x0000000089400000|100%| O|  |TAMS 0x0000000089400000, 0x0000000089300000| Untracked 
| 148|0x0000000089400000, 0x0000000089400000, 0x0000000089500000|  0%| F|  |TAMS 0x0000000089400000, 0x0000000089400000| Untracked 
| 149|0x0000000089500000, 0x0000000089500000, 0x0000000089600000|  0%| F|  |TAMS 0x0000000089500000, 0x0000000089500000| Untracked 
| 150|0x0000000089600000, 0x0000000089600000, 0x0000000089700000|  0%| F|  |TAMS 0x0000000089600000, 0x0000000089600000| Untracked 
| 151|0x0000000089700000, 0x0000000089700000, 0x0000000089800000|  0%| F|  |TAMS 0x0000000089700000, 0x0000000089700000| Untracked 
| 152|0x0000000089800000, 0x0000000089800000, 0x0000000089900000|  0%| F|  |TAMS 0x0000000089800000, 0x0000000089800000| Untracked 
| 153|0x0000000089900000, 0x0000000089900000, 0x0000000089a00000|  0%| F|  |TAMS 0x0000000089900000, 0x0000000089900000| Untracked 
| 154|0x0000000089a00000, 0x0000000089a00000, 0x0000000089b00000|  0%| F|  |TAMS 0x0000000089a00000, 0x0000000089a00000| Untracked 
| 155|0x0000000089b00000, 0x0000000089b00000, 0x0000000089c00000|  0%| F|  |TAMS 0x0000000089b00000, 0x0000000089b00000| Untracked 
| 156|0x0000000089c00000, 0x0000000089c00000, 0x0000000089d00000|  0%| F|  |TAMS 0x0000000089c00000, 0x0000000089c00000| Untracked 
| 157|0x0000000089d00000, 0x0000000089d00000, 0x0000000089e00000|  0%| F|  |TAMS 0x0000000089d00000, 0x0000000089d00000| Untracked 
| 158|0x0000000089e00000, 0x0000000089e00000, 0x0000000089f00000|  0%| F|  |TAMS 0x0000000089e00000, 0x0000000089e00000| Untracked 
| 159|0x0000000089f00000, 0x0000000089f00000, 0x000000008a000000|  0%| F|  |TAMS 0x0000000089f00000, 0x0000000089f00000| Untracked 
| 160|0x000000008a000000, 0x000000008a000000, 0x000000008a100000|  0%| F|  |TAMS 0x000000008a000000, 0x000000008a000000| Untracked 
| 161|0x000000008a100000, 0x000000008a100000, 0x000000008a200000|  0%| F|  |TAMS 0x000000008a100000, 0x000000008a100000| Untracked 
| 162|0x000000008a200000, 0x000000008a200000, 0x000000008a300000|  0%| F|  |TAMS 0x000000008a200000, 0x000000008a200000| Untracked 
| 163|0x000000008a300000, 0x000000008a300000, 0x000000008a400000|  0%| F|  |TAMS 0x000000008a300000, 0x000000008a300000| Untracked 
| 164|0x000000008a400000, 0x000000008a400000, 0x000000008a500000|  0%| F|  |TAMS 0x000000008a400000, 0x000000008a400000| Untracked 
| 165|0x000000008a500000, 0x000000008a500000, 0x000000008a600000|  0%| F|  |TAMS 0x000000008a500000, 0x000000008a500000| Untracked 
| 166|0x000000008a600000, 0x000000008a600000, 0x000000008a700000|  0%| F|  |TAMS 0x000000008a600000, 0x000000008a600000| Untracked 
| 167|0x000000008a700000, 0x000000008a700000, 0x000000008a800000|  0%| F|  |TAMS 0x000000008a700000, 0x000000008a700000| Untracked 
| 168|0x000000008a800000, 0x000000008a800000, 0x000000008a900000|  0%| F|  |TAMS 0x000000008a800000, 0x000000008a800000| Untracked 
| 169|0x000000008a900000, 0x000000008a900000, 0x000000008aa00000|  0%| F|  |TAMS 0x000000008a900000, 0x000000008a900000| Untracked 
| 170|0x000000008aa00000, 0x000000008aa00000, 0x000000008ab00000|  0%| F|  |TAMS 0x000000008aa00000, 0x000000008aa00000| Untracked 
| 171|0x000000008ab00000, 0x000000008ab00000, 0x000000008ac00000|  0%| F|  |TAMS 0x000000008ab00000, 0x000000008ab00000| Untracked 
| 172|0x000000008ac00000, 0x000000008ac9a558, 0x000000008ad00000| 60%| E|  |TAMS 0x000000008ac00000, 0x000000008ac00000| Complete 
| 173|0x000000008ad00000, 0x000000008ae00000, 0x000000008ae00000|100%| E|CS|TAMS 0x000000008ad00000, 0x000000008ad00000| Complete 
| 174|0x000000008ae00000, 0x000000008af00000, 0x000000008af00000|100%| E|CS|TAMS 0x000000008ae00000, 0x000000008ae00000| Complete 
| 175|0x000000008af00000, 0x000000008b000000, 0x000000008b000000|100%| E|CS|TAMS 0x000000008af00000, 0x000000008af00000| Complete 
| 176|0x000000008b000000, 0x000000008b100000, 0x000000008b100000|100%| E|CS|TAMS 0x000000008b000000, 0x000000008b000000| Complete 
| 177|0x000000008b100000, 0x000000008b200000, 0x000000008b200000|100%| E|CS|TAMS 0x000000008b100000, 0x000000008b100000| Complete 
| 178|0x000000008b200000, 0x000000008b300000, 0x000000008b300000|100%| E|CS|TAMS 0x000000008b200000, 0x000000008b200000| Complete 
| 179|0x000000008b300000, 0x000000008b400000, 0x000000008b400000|100%| E|CS|TAMS 0x000000008b300000, 0x000000008b300000| Complete 
| 180|0x000000008b400000, 0x000000008b500000, 0x000000008b500000|100%| E|  |TAMS 0x000000008b400000, 0x000000008b400000| Complete 
| 181|0x000000008b500000, 0x000000008b600000, 0x000000008b600000|100%| E|CS|TAMS 0x000000008b500000, 0x000000008b500000| Complete 
| 182|0x000000008b600000, 0x000000008b700000, 0x000000008b700000|100%| E|CS|TAMS 0x000000008b600000, 0x000000008b600000| Complete 
| 183|0x000000008b700000, 0x000000008b800000, 0x000000008b800000|100%| E|CS|TAMS 0x000000008b700000, 0x000000008b700000| Complete 
| 184|0x000000008b800000, 0x000000008b900000, 0x000000008b900000|100%| E|CS|TAMS 0x000000008b800000, 0x000000008b800000| Complete 
| 185|0x000000008b900000, 0x000000008ba00000, 0x000000008ba00000|100%| E|CS|TAMS 0x000000008b900000, 0x000000008b900000| Complete 
| 186|0x000000008ba00000, 0x000000008bb00000, 0x000000008bb00000|100%| E|CS|TAMS 0x000000008ba00000, 0x000000008ba00000| Complete 
| 187|0x000000008bb00000, 0x000000008bc00000, 0x000000008bc00000|100%| E|CS|TAMS 0x000000008bb00000, 0x000000008bb00000| Complete 
| 188|0x000000008bc00000, 0x000000008bd00000, 0x000000008bd00000|100%| E|CS|TAMS 0x000000008bc00000, 0x000000008bc00000| Complete 
| 189|0x000000008bd00000, 0x000000008be00000, 0x000000008be00000|100%| E|CS|TAMS 0x000000008bd00000, 0x000000008bd00000| Complete 
| 190|0x000000008be00000, 0x000000008bf00000, 0x000000008bf00000|100%| E|CS|TAMS 0x000000008be00000, 0x000000008be00000| Complete 
| 191|0x000000008bf00000, 0x000000008c000000, 0x000000008c000000|100%| E|CS|TAMS 0x000000008bf00000, 0x000000008bf00000| Complete 
| 192|0x000000008c000000, 0x000000008c100000, 0x000000008c100000|100%| E|CS|TAMS 0x000000008c000000, 0x000000008c000000| Complete 
| 193|0x000000008c100000, 0x000000008c200000, 0x000000008c200000|100%| E|CS|TAMS 0x000000008c100000, 0x000000008c100000| Complete 
| 194|0x000000008c200000, 0x000000008c2ac168, 0x000000008c300000| 67%| S|CS|TAMS 0x000000008c200000, 0x000000008c200000| Complete 
| 195|0x000000008c300000, 0x000000008c400000, 0x000000008c400000|100%| S|CS|TAMS 0x000000008c300000, 0x000000008c300000| Complete 
| 196|0x000000008c400000, 0x000000008c500000, 0x000000008c500000|100%| E|CS|TAMS 0x000000008c400000, 0x000000008c400000| Complete 
| 197|0x000000008c500000, 0x000000008c600000, 0x000000008c600000|100%| E|CS|TAMS 0x000000008c500000, 0x000000008c500000| Complete 
| 198|0x000000008c600000, 0x000000008c700000, 0x000000008c700000|100%| E|CS|TAMS 0x000000008c600000, 0x000000008c600000| Complete 
| 199|0x000000008c700000, 0x000000008c800000, 0x000000008c800000|100%| E|CS|TAMS 0x000000008c700000, 0x000000008c700000| Complete 
| 200|0x000000008c800000, 0x000000008c900000, 0x000000008c900000|100%| E|CS|TAMS 0x000000008c800000, 0x000000008c800000| Complete 
| 201|0x000000008c900000, 0x000000008ca00000, 0x000000008ca00000|100%| E|CS|TAMS 0x000000008c900000, 0x000000008c900000| Complete 
| 202|0x000000008ca00000, 0x000000008cb00000, 0x000000008cb00000|100%| E|CS|TAMS 0x000000008ca00000, 0x000000008ca00000| Complete 
| 203|0x000000008cb00000, 0x000000008cc00000, 0x000000008cc00000|100%| E|CS|TAMS 0x000000008cb00000, 0x000000008cb00000| Complete 
| 204|0x000000008cc00000, 0x000000008cd00000, 0x000000008cd00000|100%| E|CS|TAMS 0x000000008cc00000, 0x000000008cc00000| Complete 
| 205|0x000000008cd00000, 0x000000008ce00000, 0x000000008ce00000|100%| E|CS|TAMS 0x000000008cd00000, 0x000000008cd00000| Complete 

Card table byte_map: [0x0000016cc91d0000,0x0000016cc95d0000] _byte_map_base: 0x0000016cc8dd0000

Marking Bits (Prev, Next): (CMBitMap*) 0x0000016cb3eae880, (CMBitMap*) 0x0000016cb3eae848
 Prev Bits: [0x0000016ccb9d0000, 0x0000016ccd9d0000)
 Next Bits: [0x0000016cc99d0000, 0x0000016ccb9d0000)

Polling page: 0x0000016cb3f50000

Metaspace:

Usage:
  Non-class:    109.71 MB capacity,   106.63 MB ( 97%) used,     2.56 MB (  2%) free+waste,   534.94 KB ( <1%) overhead. 
      Class:     16.64 MB capacity,    15.00 MB ( 90%) used,     1.41 MB (  8%) free+waste,   235.88 KB (  1%) overhead. 
       Both:    126.35 MB capacity,   121.63 MB ( 96%) used,     3.97 MB (  3%) free+waste,   770.81 KB ( <1%) overhead. 

Virtual space:
  Non-class space:      110.00 MB reserved,     109.75 MB (>99%) committed 
      Class space:        1.00 GB reserved,      16.70 MB (  2%) committed 
             Both:        1.11 GB reserved,     126.45 MB ( 11%) committed 

Chunk freelists:
   Non-Class:  1.00 KB
       Class:  0 bytes
        Both:  1.00 KB

MaxMetaspaceSize: 17179869184.00 GB
CompressedClassSpaceSize: 1.00 GB

CodeHeap 'non-profiled nmethods': size=120000Kb used=18516Kb max_used=18728Kb free=101484Kb
 bounds [0x0000016cc0c00000, 0x0000016cc1e50000, 0x0000016cc8130000]
CodeHeap 'profiled nmethods': size=120000Kb used=53318Kb max_used=55609Kb free=66681Kb
 bounds [0x0000016cb96d0000, 0x0000016cbcd50000, 0x0000016cc0c00000]
CodeHeap 'non-nmethods': size=5760Kb used=2337Kb max_used=2427Kb free=3422Kb
 bounds [0x0000016cb9130000, 0x0000016cb93a0000, 0x0000016cb96d0000]
 total_blobs=24875 nmethods=23926 adapters=858
 compilation: enabled
              stopped_count=0, restarted_count=0
 full_count=0

Compilation events (20 events):
Event: 1041.740 Thread 0x0000016cd06d5000 28810       3       org.gradle.execution.plan.TaskNode::getAllPredecessors (16 bytes)
Event: 1041.741 Thread 0x0000016cd06d5000 nmethod 28810 0x0000016cb9e38110 code [0x0000016cb9e38320, 0x0000016cb9e38ae8]
Event: 1041.741 Thread 0x0000016cd06d5000 28811       3       com.google.protobuf.GeneratedMessageV3::newBuilderForType (14 bytes)
Event: 1041.741 Thread 0x0000016cd06d5000 nmethod 28811 0x0000016cb9ca2510 code [0x0000016cb9ca26e0, 0x0000016cb9ca2a68]
Event: 1041.741 Thread 0x0000016cd06d5000 28812       3       org.gradle.execution.plan.Node::getAllPredecessors (5 bytes)
Event: 1041.741 Thread 0x0000016cd06d5000 nmethod 28812 0x0000016cb9b4f810 code [0x0000016cb9b4f9c0, 0x0000016cb9b4fb58]
Event: 1041.741 Thread 0x0000016cd06d5000 28813       2       org.gradle.api.internal.artifacts.transform.ConsumerProvidedVariantFinder::findProducersFor (343 bytes)
Event: 1041.742 Thread 0x0000016cd06d5000 nmethod 28813 0x0000016cb9f1fd90 code [0x0000016cb9f201a0, 0x0000016cb9f21468]
Event: 1041.742 Thread 0x0000016cd06d5000 28816       2       org.gradle.api.internal.artifacts.ivyservice.resolveengine.artifact.CompositeResolvedArtifactSet::of (101 bytes)
Event: 1041.743 Thread 0x0000016cd06d5000 nmethod 28816 0x0000016cb9e7dc90 code [0x0000016cb9e7dee0, 0x0000016cb9e7e5b8]
Event: 1041.745 Thread 0x0000016cd06d5000 28817       3       org.gradle.internal.snapshot.impl.NullValueSnapshot::snapshot (14 bytes)
Event: 1041.745 Thread 0x0000016cd06d5000 nmethod 28817 0x0000016cb9caa510 code [0x0000016cb9caa6e0, 0x0000016cb9caaa08]
Event: 1041.747 Thread 0x0000016cd06d5000 28818       3       org.gradle.internal.snapshot.RootTrackingFileSystemSnapshotHierarchyVisitor::enterDirectory (1 bytes)
Event: 1041.747 Thread 0x0000016cd06d5000 nmethod 28818 0x0000016cb9a83090 code [0x0000016cb9a83240, 0x0000016cb9a83338]
Event: 1041.747 Thread 0x0000016cd06d5000 28819       3       org.gradle.internal.snapshot.RootTrackingFileSystemSnapshotHierarchyVisitor::leaveDirectory (1 bytes)
Event: 1041.747 Thread 0x0000016cd06d5000 nmethod 28819 0x0000016cb9b4b710 code [0x0000016cb9b4b8c0, 0x0000016cb9b4b9b8]
Event: 1041.759 Thread 0x0000016cd06d5000 28822 %s    3       org.gradle.execution.plan.ExecutionNodeAccessHierarchy::recordNodeAccessingLocations @ 7 (59 bytes)
Event: 1041.759 Thread 0x0000016cd06d5000 nmethod 28822% 0x0000016cb9ef9290 code [0x0000016cb9ef9500, 0x0000016cb9efa0d8]
Event: 1041.759 Thread 0x0000016cd06d5000 28823 %     3       org.gradle.execution.plan.LocalTaskNodeExecutor::detectMissingDependencies @ 145 (271 bytes)
Event: 1041.762 Thread 0x0000016cd06d5000 nmethod 28823% 0x0000016cba02d210 code [0x0000016cba02d900, 0x0000016cba031eb8]

GC Heap History (20 events):
Event: 993.742 GC heap before
{Heap before GC invocations=175 (full 0):
 garbage-first heap   total 210944K, used 166932K [0x0000000080000000, 0x0000000100000000)
  region size 1024K, 43 young (44032K), 2 survivors (2048K)
 Metaspace       used 122702K, capacity 126584K, committed 126924K, reserved 1159168K
  class space    used 15045K, capacity 16461K, committed 16588K, reserved 1048576K
}
Event: 993.767 GC heap after
{Heap after GC invocations=176 (full 0):
 garbage-first heap   total 210944K, used 128549K [0x0000000080000000, 0x0000000100000000)
  region size 1024K, 6 young (6144K), 6 survivors (6144K)
 Metaspace       used 122702K, capacity 126584K, committed 126924K, reserved 1159168K
  class space    used 15045K, capacity 16461K, committed 16588K, reserved 1048576K
}
Event: 995.262 GC heap before
{Heap before GC invocations=177 (full 0):
 garbage-first heap   total 210944K, used 170533K [0x0000000080000000, 0x0000000100000000)
  region size 1024K, 46 young (47104K), 6 survivors (6144K)
 Metaspace       used 122732K, capacity 126585K, committed 126924K, reserved 1159168K
  class space    used 15045K, capacity 16461K, committed 16588K, reserved 1048576K
}
Event: 995.285 GC heap after
{Heap after GC invocations=178 (full 0):
 garbage-first heap   total 210944K, used 141200K [0x0000000080000000, 0x0000000100000000)
  region size 1024K, 6 young (6144K), 6 survivors (6144K)
 Metaspace       used 122732K, capacity 126585K, committed 126924K, reserved 1159168K
  class space    used 15045K, capacity 16461K, committed 16588K, reserved 1048576K
}
Event: 995.299 GC heap before
{Heap before GC invocations=178 (full 0):
 garbage-first heap   total 210944K, used 145296K [0x0000000080000000, 0x0000000100000000)
  region size 1024K, 10 young (10240K), 6 survivors (6144K)
 Metaspace       used 122732K, capacity 126585K, committed 126924K, reserved 1159168K
  class space    used 15045K, capacity 16461K, committed 16588K, reserved 1048576K
}
Event: 995.315 GC heap after
{Heap after GC invocations=179 (full 0):
 garbage-first heap   total 210944K, used 135288K [0x0000000080000000, 0x0000000100000000)
  region size 1024K, 2 young (2048K), 2 survivors (2048K)
 Metaspace       used 122732K, capacity 126585K, committed 126924K, reserved 1159168K
  class space    used 15045K, capacity 16461K, committed 16588K, reserved 1048576K
}
Event: 995.497 GC heap before
{Heap before GC invocations=179 (full 0):
 garbage-first heap   total 210944K, used 170104K [0x0000000080000000, 0x0000000100000000)
  region size 1024K, 36 young (36864K), 2 survivors (2048K)
 Metaspace       used 122741K, capacity 126587K, committed 126924K, reserved 1159168K
  class space    used 15045K, capacity 16461K, committed 16588K, reserved 1048576K
}
Event: 995.506 GC heap after
{Heap after GC invocations=180 (full 0):
 garbage-first heap   total 210944K, used 141979K [0x0000000080000000, 0x0000000100000000)
  region size 1024K, 5 young (5120K), 5 survivors (5120K)
 Metaspace       used 122741K, capacity 126587K, committed 126924K, reserved 1159168K
  class space    used 15045K, capacity 16461K, committed 16588K, reserved 1048576K
}
Event: 995.807 GC heap before
{Heap before GC invocations=181 (full 0):
 garbage-first heap   total 210944K, used 171675K [0x0000000080000000, 0x0000000100000000)
  region size 1024K, 35 young (35840K), 5 survivors (5120K)
 Metaspace       used 122757K, capacity 126587K, committed 126924K, reserved 1159168K
  class space    used 15045K, capacity 16461K, committed 16588K, reserved 1048576K
}
Event: 995.817 GC heap after
{Heap after GC invocations=182 (full 0):
 garbage-first heap   total 210944K, used 144265K [0x0000000080000000, 0x0000000100000000)
  region size 1024K, 2 young (2048K), 2 survivors (2048K)
 Metaspace       used 122757K, capacity 126587K, committed 126924K, reserved 1159168K
  class space    used 15045K, capacity 16461K, committed 16588K, reserved 1048576K
}
Event: 995.853 GC heap before
{Heap before GC invocations=182 (full 0):
 garbage-first heap   total 210944K, used 152457K [0x0000000080000000, 0x0000000100000000)
  region size 1024K, 10 young (10240K), 2 survivors (2048K)
 Metaspace       used 122758K, capacity 126587K, committed 126924K, reserved 1159168K
  class space    used 15045K, capacity 16461K, committed 16588K, reserved 1048576K
}
Event: 995.865 GC heap after
{Heap after GC invocations=183 (full 0):
 garbage-first heap   total 210944K, used 143021K [0x0000000080000000, 0x0000000100000000)
  region size 1024K, 1 young (1024K), 1 survivors (1024K)
 Metaspace       used 122758K, capacity 126587K, committed 126924K, reserved 1159168K
  class space    used 15045K, capacity 16461K, committed 16588K, reserved 1048576K
}
Event: 996.086 GC heap before
{Heap before GC invocations=183 (full 0):
 garbage-first heap   total 210944K, used 172717K [0x0000000080000000, 0x0000000100000000)
  region size 1024K, 31 young (31744K), 1 survivors (1024K)
 Metaspace       used 122813K, capacity 126653K, committed 126924K, reserved 1159168K
  class space    used 15045K, capacity 16461K, committed 16588K, reserved 1048576K
}
Event: 996.095 GC heap after
{Heap after GC invocations=184 (full 0):
 garbage-first heap   total 210944K, used 144828K [0x0000000080000000, 0x0000000100000000)
  region size 1024K, 3 young (3072K), 3 survivors (3072K)
 Metaspace       used 122813K, capacity 126653K, committed 126924K, reserved 1159168K
  class space    used 15045K, capacity 16461K, committed 16588K, reserved 1048576K
}
Event: 1041.484 GC heap before
{Heap before GC invocations=185 (full 0):
 garbage-first heap   total 210944K, used 200124K [0x0000000080000000, 0x0000000100000000)
  region size 1024K, 33 young (33792K), 3 survivors (3072K)
 Metaspace       used 123778K, capacity 128189K, committed 128460K, reserved 1161216K
  class space    used 15231K, capacity 16806K, committed 16844K, reserved 1048576K
}
Event: 1041.488 GC heap after
{Heap after GC invocations=186 (full 0):
 garbage-first heap   total 210944K, used 143989K [0x0000000080000000, 0x0000000100000000)
  region size 1024K, 3 young (3072K), 3 survivors (3072K)
 Metaspace       used 123778K, capacity 128189K, committed 128460K, reserved 1161216K
  class space    used 15231K, capacity 16806K, committed 16844K, reserved 1048576K
}
Event: 1041.551 GC heap before
{Heap before GC invocations=186 (full 0):
 garbage-first heap   total 210944K, used 151157K [0x0000000080000000, 0x0000000100000000)
  region size 1024K, 10 young (10240K), 3 survivors (3072K)
 Metaspace       used 124177K, capacity 128786K, committed 128844K, reserved 1161216K
  class space    used 15295K, capacity 16921K, committed 16972K, reserved 1048576K
}
Event: 1041.558 GC heap after
{Heap after GC invocations=187 (full 0):
 garbage-first heap   total 210944K, used 127309K [0x0000000080000000, 0x0000000100000000)
  region size 1024K, 2 young (2048K), 2 survivors (2048K)
 Metaspace       used 124177K, capacity 128786K, committed 128844K, reserved 1161216K
  class space    used 15295K, capacity 16921K, committed 16972K, reserved 1048576K
}
Event: 1041.656 GC heap before
{Heap before GC invocations=187 (full 0):
 garbage-first heap   total 210944K, used 134477K [0x0000000080000000, 0x0000000100000000)
  region size 1024K, 10 young (10240K), 2 survivors (2048K)
 Metaspace       used 124409K, capacity 129182K, committed 129484K, reserved 1161216K
  class space    used 15333K, capacity 16991K, committed 17100K, reserved 1048576K
}
Event: 1041.663 GC heap after
{Heap after GC invocations=188 (full 0):
 garbage-first heap   total 210944K, used 128450K [0x0000000080000000, 0x0000000100000000)
  region size 1024K, 2 young (2048K), 2 survivors (2048K)
 Metaspace       used 124409K, capacity 129182K, committed 129484K, reserved 1161216K
  class space    used 15333K, capacity 16991K, committed 17100K, reserved 1048576K
}

Deoptimization events (20 events):
Event: 1041.531 Thread 0x0000016cd6f3b800 DEOPT PACKING pc=0x0000016cc1d9ada4 sp=0x0000005b018faa80
Event: 1041.531 Thread 0x0000016cd6f3b800 DEOPT UNPACKING pc=0x0000016cb91578af sp=0x0000005b018faa20 mode 2
Event: 1041.564 Thread 0x0000016cd6f3b800 DEOPT PACKING pc=0x0000016cbaf16b3a sp=0x0000005b018f9cb0
Event: 1041.564 Thread 0x0000016cd6f3b800 DEOPT UNPACKING pc=0x0000016cb91576ce sp=0x0000005b018f9158 mode 0
Event: 1041.592 Thread 0x0000016cd6f3b800 Uncommon trap: trap_request=0xffffffbe fr.pc=0x0000016cc0d55024 relative=0x00000000000017c4
Event: 1041.592 Thread 0x0000016cd6f3b800 Uncommon trap: reason=profile_predicate action=maybe_recompile pc=0x0000016cc0d55024 method=org.gradle.api.internal.attributes.DefaultImmutableAttributesFactory.doConcatIsolatable(Lorg/gradle/api/internal/attributes/ImmutableAttributes;Lorg/gradle/api/att
Event: 1041.592 Thread 0x0000016cd6f3b800 DEOPT PACKING pc=0x0000016cc0d55024 sp=0x0000005b018fa4d0
Event: 1041.592 Thread 0x0000016cd6f3b800 DEOPT UNPACKING pc=0x0000016cb91578af sp=0x0000005b018fa498 mode 2
Event: 1041.592 Thread 0x0000016cd6f3b800 Uncommon trap: trap_request=0xffffffbe fr.pc=0x0000016cc0d55024 relative=0x00000000000017c4
Event: 1041.592 Thread 0x0000016cd6f3b800 Uncommon trap: reason=profile_predicate action=maybe_recompile pc=0x0000016cc0d55024 method=org.gradle.api.internal.attributes.DefaultImmutableAttributesFactory.doConcatIsolatable(Lorg/gradle/api/internal/attributes/ImmutableAttributes;Lorg/gradle/api/att
Event: 1041.592 Thread 0x0000016cd6f3b800 DEOPT PACKING pc=0x0000016cc0d55024 sp=0x0000005b018fa4d0
Event: 1041.592 Thread 0x0000016cd6f3b800 DEOPT UNPACKING pc=0x0000016cb91578af sp=0x0000005b018fa498 mode 2
Event: 1041.592 Thread 0x0000016cd6f3b800 Uncommon trap: trap_request=0xffffffbe fr.pc=0x0000016cc0d55024 relative=0x00000000000017c4
Event: 1041.592 Thread 0x0000016cd6f3b800 Uncommon trap: reason=profile_predicate action=maybe_recompile pc=0x0000016cc0d55024 method=org.gradle.api.internal.attributes.DefaultImmutableAttributesFactory.doConcatIsolatable(Lorg/gradle/api/internal/attributes/ImmutableAttributes;Lorg/gradle/api/att
Event: 1041.592 Thread 0x0000016cd6f3b800 DEOPT PACKING pc=0x0000016cc0d55024 sp=0x0000005b018fa4d0
Event: 1041.592 Thread 0x0000016cd6f3b800 DEOPT UNPACKING pc=0x0000016cb91578af sp=0x0000005b018fa498 mode 2
Event: 1041.594 Thread 0x0000016cd6f3b800 Uncommon trap: trap_request=0xffffffbe fr.pc=0x0000016cc0d55024 relative=0x00000000000017c4
Event: 1041.594 Thread 0x0000016cd6f3b800 Uncommon trap: reason=profile_predicate action=maybe_recompile pc=0x0000016cc0d55024 method=org.gradle.api.internal.attributes.DefaultImmutableAttributesFactory.doConcatIsolatable(Lorg/gradle/api/internal/attributes/ImmutableAttributes;Lorg/gradle/api/att
Event: 1041.594 Thread 0x0000016cd6f3b800 DEOPT PACKING pc=0x0000016cc0d55024 sp=0x0000005b018fa590
Event: 1041.594 Thread 0x0000016cd6f3b800 DEOPT UNPACKING pc=0x0000016cb91578af sp=0x0000005b018fa558 mode 2

Classes redefined (0 events):
No events

Internal exceptions (20 events):
Event: 995.667 Thread 0x0000016cd8bff800 Exception <a 'sun/nio/fs/WindowsException'{0x000000008bd6b760}> (0x000000008bd6b760) thrown at [./src/hotspot/share/prims/jni.cpp, line 615]
Event: 995.668 Thread 0x0000016cd8bff800 Exception <a 'sun/nio/fs/WindowsException'{0x000000008bd71e90}> (0x000000008bd71e90) thrown at [./src/hotspot/share/prims/jni.cpp, line 615]
Event: 995.670 Thread 0x0000016cd8bff800 Exception <a 'sun/nio/fs/WindowsException'{0x000000008bd76fe8}> (0x000000008bd76fe8) thrown at [./src/hotspot/share/prims/jni.cpp, line 615]
Event: 995.672 Thread 0x0000016cd8bff800 Exception <a 'sun/nio/fs/WindowsException'{0x000000008bd7d068}> (0x000000008bd7d068) thrown at [./src/hotspot/share/prims/jni.cpp, line 615]
Event: 995.673 Thread 0x0000016cd8bff800 Exception <a 'sun/nio/fs/WindowsException'{0x000000008bd81e98}> (0x000000008bd81e98) thrown at [./src/hotspot/share/prims/jni.cpp, line 615]
Event: 995.677 Thread 0x0000016cd8bff800 Exception <a 'sun/nio/fs/WindowsException'{0x000000008bdcce40}> (0x000000008bdcce40) thrown at [./src/hotspot/share/prims/jni.cpp, line 615]
Event: 995.870 Thread 0x0000016cd43a9000 Exception <a 'sun/nio/fs/WindowsException'{0x000000008c7d16a0}> (0x000000008c7d16a0) thrown at [./src/hotspot/share/prims/jni.cpp, line 615]
Event: 995.941 Thread 0x0000016cd43a9000 Exception <a 'sun/nio/fs/WindowsException'{0x000000008bc7d518}> (0x000000008bc7d518) thrown at [./src/hotspot/share/prims/jni.cpp, line 615]
Event: 996.067 Thread 0x0000016cd43ab800 Exception <a 'sun/nio/fs/WindowsException'{0x000000008b602f08}> (0x000000008b602f08) thrown at [./src/hotspot/share/prims/jni.cpp, line 615]
Event: 996.122 Thread 0x0000016cd43ab800 Exception <a 'sun/nio/fs/WindowsException'{0x000000008ca9e4c8}> (0x000000008ca9e4c8) thrown at [./src/hotspot/share/prims/jni.cpp, line 615]
Event: 996.336 Thread 0x0000016cd3c7d800 Exception <a 'sun/nio/fs/WindowsException'{0x000000008c79eed0}> (0x000000008c79eed0) thrown at [./src/hotspot/share/prims/jni.cpp, line 615]
Event: 1041.489 Thread 0x0000016cd6f3b800 Exception <a 'sun/nio/fs/WindowsException'{0x000000008cd11028}> (0x000000008cd11028) thrown at [./src/hotspot/share/prims/jni.cpp, line 615]
Event: 1041.531 Thread 0x0000016cd6f3b800 Implicit null exception at 0x0000016cc1d9ac7e to 0x0000016cc1d9ad90
Event: 1041.538 Thread 0x0000016cd6f3b800 Exception <a 'java/lang/NoClassDefFoundError'{0x000000008c8b2d98}: org/jetbrains/kotlin/gradle/plugin/KotlinBasePluginWrapper> (0x000000008c8b2d98) thrown at [./src/hotspot/share/oops/constantPool.cpp, line 775]
Event: 1041.573 Thread 0x0000016cd6f3b800 Exception <a 'sun/nio/fs/WindowsException'{0x000000008cc6de78}> (0x000000008cc6de78) thrown at [./src/hotspot/share/prims/jni.cpp, line 615]
Event: 1041.581 Thread 0x0000016cd6f3b800 Exception <a 'sun/nio/fs/WindowsException'{0x000000008cb0fdf0}> (0x000000008cb0fdf0) thrown at [./src/hotspot/share/prims/jni.cpp, line 615]
Event: 1041.581 Thread 0x0000016cd6f3b800 Exception <a 'sun/nio/fs/WindowsException'{0x000000008cb10d90}> (0x000000008cb10d90) thrown at [./src/hotspot/share/prims/jni.cpp, line 615]
Event: 1041.581 Thread 0x0000016cd6f3b800 Exception <a 'sun/nio/fs/WindowsException'{0x000000008cb11d80}> (0x000000008cb11d80) thrown at [./src/hotspot/share/prims/jni.cpp, line 615]
Event: 1041.582 Thread 0x0000016cd6f3b800 Exception <a 'sun/nio/fs/WindowsException'{0x000000008cb12d70}> (0x000000008cb12d70) thrown at [./src/hotspot/share/prims/jni.cpp, line 615]
Event: 1041.610 Thread 0x0000016cd6f3b800 Exception <a 'sun/nio/fs/WindowsException'{0x000000008c9cfcc8}> (0x000000008c9cfcc8) thrown at [./src/hotspot/share/prims/jni.cpp, line 615]

Events (20 events):
Event: 1041.656 Executing VM operation: G1CollectForAllocation
Event: 1041.663 Executing VM operation: G1CollectForAllocation done
Event: 1041.679 Executing VM operation: RevokeBias
Event: 1041.679 Executing VM operation: RevokeBias done
Event: 1041.679 Executing VM operation: RevokeBias
Event: 1041.679 Executing VM operation: RevokeBias done
Event: 1041.702 Executing VM operation: BulkRevokeBias
Event: 1041.704 Executing VM operation: BulkRevokeBias done
Event: 1041.704 Executing VM operation: BulkRevokeBias
Event: 1041.705 Executing VM operation: BulkRevokeBias done
Event: 1041.709 Executing VM operation: RevokeBias
Event: 1041.709 Executing VM operation: RevokeBias done
Event: 1041.750 Executing VM operation: RevokeBias
Event: 1041.750 Executing VM operation: RevokeBias done
Event: 1041.750 Executing VM operation: RevokeBias
Event: 1041.751 Executing VM operation: RevokeBias done
Event: 1041.751 Executing VM operation: RevokeBias
Event: 1041.751 Executing VM operation: RevokeBias done
Event: 1041.751 Executing VM operation: BulkRevokeBias
Event: 1041.753 Executing VM operation: BulkRevokeBias done


Dynamic libraries:
0x00007ff6c85b0000 - 0x00007ff6c85ba000 	C:\Program Files\Android\Android Studio\jre\bin\java.exe
0x00007fff9dab0000 - 0x00007fff9dca5000 	C:\Windows\SYSTEM32\ntdll.dll
0x00007fff9d290000 - 0x00007fff9d34e000 	C:\Windows\System32\KERNEL32.DLL
0x00007fff9b7d0000 - 0x00007fff9ba98000 	C:\Windows\System32\KERNELBASE.dll
0x00007fff9b3a0000 - 0x00007fff9b4a0000 	C:\Windows\System32\ucrtbase.dll
0x00007fff90ee0000 - 0x00007fff90ef7000 	C:\Program Files\Android\Android Studio\jre\bin\VCRUNTIME140.dll
0x00007fff90f00000 - 0x00007fff90f19000 	C:\Program Files\Android\Android Studio\jre\bin\jli.dll
0x00007fff9bb30000 - 0x00007fff9bcd0000 	C:\Windows\System32\USER32.dll
0x00007fff9bad0000 - 0x00007fff9baf2000 	C:\Windows\System32\win32u.dll
0x00007fff9bb00000 - 0x00007fff9bb2b000 	C:\Windows\System32\GDI32.dll
0x00007fff9b4a0000 - 0x00007fff9b5ad000 	C:\Windows\System32\gdi32full.dll
0x00007fff9b1c0000 - 0x00007fff9b25d000 	C:\Windows\System32\msvcp_win.dll
0x00007fff846a0000 - 0x00007fff8493a000 	C:\Windows\WinSxS\amd64_microsoft.windows.common-controls_6595b64144ccf1df_6.0.19041.1110_none_60b5254171f9507e\COMCTL32.dll
0x00007fff9c4c0000 - 0x00007fff9c55e000 	C:\Windows\System32\msvcrt.dll
0x00007fff9c610000 - 0x00007fff9c640000 	C:\Windows\System32\IMM32.DLL
0x00007fff6f870000 - 0x00007fff6f90d000 	C:\Program Files\Android\Android Studio\jre\bin\msvcp140.dll
0x00007fff5f540000 - 0x00007fff6000f000 	C:\Program Files\Android\Android Studio\jre\bin\server\jvm.dll
0x00007fff9d9c0000 - 0x00007fff9da6e000 	C:\Windows\System32\ADVAPI32.dll
0x00007fff9d920000 - 0x00007fff9d9bc000 	C:\Windows\System32\sechost.dll
0x00007fff9d7f0000 - 0x00007fff9d915000 	C:\Windows\System32\RPCRT4.dll
0x00007fff9d650000 - 0x00007fff9d658000 	C:\Windows\System32\PSAPI.DLL
0x00007fff868a0000 - 0x00007fff868a9000 	C:\Windows\SYSTEM32\WSOCK32.dll
0x00007fff7a0a0000 - 0x00007fff7a0c7000 	C:\Windows\SYSTEM32\WINMM.dll
0x00007fff918f0000 - 0x00007fff918fa000 	C:\Windows\SYSTEM32\VERSION.dll
0x00007fff9d360000 - 0x00007fff9d3cb000 	C:\Windows\System32\WS2_32.dll
0x00007fff99a70000 - 0x00007fff99a82000 	C:\Windows\SYSTEM32\kernel.appcore.dll
0x00007fff950a0000 - 0x00007fff950b1000 	C:\Program Files\Android\Android Studio\jre\bin\verify.dll
0x00007fff95f60000 - 0x00007fff96144000 	C:\Windows\SYSTEM32\DBGHELP.DLL
0x00007fff901a0000 - 0x00007fff901cc000 	C:\Windows\SYSTEM32\dbgcore.DLL
0x00007fff9b310000 - 0x00007fff9b392000 	C:\Windows\System32\bcryptPrimitives.dll
0x00007fff91eb0000 - 0x00007fff91ed9000 	C:\Program Files\Android\Android Studio\jre\bin\java.dll
0x00007fff95090000 - 0x00007fff9509b000 	C:\Program Files\Android\Android Studio\jre\bin\jimage.dll
0x00007fff91f20000 - 0x00007fff91f38000 	C:\Program Files\Android\Android Studio\jre\bin\zip.dll
0x00007fff9cb40000 - 0x00007fff9d284000 	C:\Windows\System32\SHELL32.dll
0x00007fff96150000 - 0x00007fff968e4000 	C:\Windows\SYSTEM32\windows.storage.dll
0x00007fff9c150000 - 0x00007fff9c4a5000 	C:\Windows\System32\combase.dll
0x00007fff9aba0000 - 0x00007fff9abce000 	C:\Windows\SYSTEM32\Wldp.dll
0x00007fff9d490000 - 0x00007fff9d53d000 	C:\Windows\System32\SHCORE.dll
0x00007fff9d6c0000 - 0x00007fff9d715000 	C:\Windows\System32\shlwapi.dll
0x00007fff9b100000 - 0x00007fff9b11f000 	C:\Windows\SYSTEM32\profapi.dll
0x00007fff91760000 - 0x00007fff9177a000 	C:\Program Files\Android\Android Studio\jre\bin\net.dll
0x00007fff934e0000 - 0x00007fff935ec000 	C:\Windows\SYSTEM32\WINHTTP.dll
0x00007fff9a900000 - 0x00007fff9a96a000 	C:\Windows\system32\mswsock.dll
0x00007fff91740000 - 0x00007fff91754000 	C:\Program Files\Android\Android Studio\jre\bin\nio.dll
0x00007fff91fa0000 - 0x00007fff91fc7000 	C:\Users\ssd-dev1\.gradle\native\8bec1ad78214c89d9ad589b4d07fe93259594b29d510b10fafb7a158f7737e5d\windows-amd64\native-platform.dll
0x00007fff6da50000 - 0x00007fff6db8d000 	C:\Users\ssd-dev1\.gradle\native\53dbd7edfb1c66fb8903c78663c9afc45aea4f116125fa6feffd364cf09443e8\windows-amd64\native-platform-file-events.dll
0x00007fff946e0000 - 0x00007fff946ea000 	C:\Program Files\Android\Android Studio\jre\bin\management.dll
0x00007fff927f0000 - 0x00007fff927fc000 	C:\Program Files\Android\Android Studio\jre\bin\management_ext.dll
0x00007fff9aaf0000 - 0x00007fff9ab08000 	C:\Windows\SYSTEM32\CRYPTSP.dll
0x00007fff9a220000 - 0x00007fff9a254000 	C:\Windows\system32\rsaenh.dll
0x00007fff9baa0000 - 0x00007fff9bac7000 	C:\Windows\System32\bcrypt.dll
0x00007fff9b080000 - 0x00007fff9b0ae000 	C:\Windows\SYSTEM32\USERENV.dll
0x00007fff9ab10000 - 0x00007fff9ab1c000 	C:\Windows\SYSTEM32\CRYPTBASE.dll
0x00007fff9a590000 - 0x00007fff9a5cb000 	C:\Windows\SYSTEM32\IPHLPAPI.DLL
0x00007fff9d350000 - 0x00007fff9d358000 	C:\Windows\System32\NSI.dll
0x00007fff93190000 - 0x00007fff931a7000 	C:\Windows\SYSTEM32\dhcpcsvc6.DLL
0x00007fff93170000 - 0x00007fff9318d000 	C:\Windows\SYSTEM32\dhcpcsvc.DLL
0x00007fff9a620000 - 0x00007fff9a6eb000 	C:\Windows\SYSTEM32\DNSAPI.dll

dbghelp: loaded successfully - version: 4.0.5 - missing functions: none
symbol engine: initialized successfully - sym options: 0x614 - pdb path: .;C:\Program Files\Android\Android Studio\jre\bin;C:\Windows\SYSTEM32;C:\Windows\WinSxS\amd64_microsoft.windows.common-controls_6595b64144ccf1df_6.0.19041.1110_none_60b5254171f9507e;C:\Program Files\Android\Android Studio\jre\bin\server;C:\Users\ssd-dev1\.gradle\native\8bec1ad78214c89d9ad589b4d07fe93259594b29d510b10fafb7a158f7737e5d\windows-amd64;C:\Users\ssd-dev1\.gradle\native\53dbd7edfb1c66fb8903c78663c9afc45aea4f116125fa6feffd364cf09443e8\windows-amd64

VM Arguments:
jvm_args: --add-opens=java.base/java.util=ALL-UNNAMED --add-opens=java.base/java.lang=ALL-UNNAMED --add-opens=java.base/java.lang.invoke=ALL-UNNAMED --add-opens=java.base/java.util=ALL-UNNAMED --add-opens=java.prefs/java.util.prefs=ALL-UNNAMED --add-opens=java.prefs/java.util.prefs=ALL-UNNAMED --add-opens=java.base/java.nio.charset=ALL-UNNAMED --add-opens=java.base/java.net=ALL-UNNAMED --add-opens=java.base/java.util.concurrent.atomic=ALL-UNNAMED -Xmx2048m -Dfile.encoding=UTF-8 -Duser.country=US -Duser.language=en -Duser.variant 
java_command: org.gradle.launcher.daemon.bootstrap.GradleDaemon 7.0.2
java_class_path (initial): C:\Users\ssd-dev1\.gradle\wrapper\dists\gradle-7.0.2-all\7era6s5ay7zsbhuvl0oc9g94s\gradle-7.0.2\lib\gradle-launcher-7.0.2.jar
Launcher Type: SUN_STANDARD

[Global flags]
     intx CICompilerCount                          = 4                                         {product} {ergonomic}
     uint ConcGCThreads                            = 3                                         {product} {ergonomic}
     uint G1ConcRefinementThreads                  = 10                                        {product} {ergonomic}
   size_t G1HeapRegionSize                         = 1048576                                   {product} {ergonomic}
    uintx GCDrainStackTargetSize                   = 64                                        {product} {ergonomic}
   size_t InitialHeapSize                          = 123731968                                 {product} {ergonomic}
   size_t MarkStackSize                            = 4194304                                   {product} {ergonomic}
   size_t MaxHeapSize                              = 2147483648                                {product} {command line}
   size_t MaxNewSize                               = 1287651328                                {product} {ergonomic}
   size_t MinHeapDeltaBytes                        = 1048576                                   {product} {ergonomic}
    uintx NonNMethodCodeHeapSize                   = 5836300                                {pd product} {ergonomic}
    uintx NonProfiledCodeHeapSize                  = 122910970                              {pd product} {ergonomic}
    uintx ProfiledCodeHeapSize                     = 122910970                              {pd product} {ergonomic}
    uintx ReservedCodeCacheSize                    = 251658240                              {pd product} {ergonomic}
     bool SegmentedCodeCache                       = true                                      {product} {ergonomic}
     bool UseCompressedClassPointers               = true                                 {lp64_product} {ergonomic}
     bool UseCompressedOops                        = true                                 {lp64_product} {ergonomic}
     bool UseG1GC                                  = true                                      {product} {ergonomic}
     bool UseLargePagesIndividualAllocation        = false                                  {pd product} {ergonomic}

Logging:
Log output configuration:
 #0: stdout all=warning uptime,level,tags
 #1: stderr all=off uptime,level,tags

Environment Variables:
PATH=C:\Windows\system32;C:\Windows;C:\Windows\System32\Wbem;C:\Windows\System32\WindowsPowerShell\v1.0\;C:\Windows\System32\OpenSSH\;C:\Program Files\Git\cmd;C:\Program Files\nodejs\;C:\Users\ssd-dev1\AppData\Local\Microsoft\WindowsApps;C:\Users\ssd-dev1\AppData\Local\Programs\Microsoft VS Code\bin;C:\Program Files\heroku\bin;C:\Users\ssd-dev1\AppData\Roaming\npm
USERNAME=ssd-dev1
OS=Windows_NT
PROCESSOR_IDENTIFIER=Intel64 Family 6 Model 165 Stepping 3, GenuineIntel



---------------  S Y S T E M  ---------------

OS: Windows 10 , 64 bit Build 19041 (10.0.19041.1503)
OS uptime: 25 days 5:11 hours

CPU:total 12 (initial active 12) (6 cores per cpu, 2 threads per core) family 6 model 165 stepping 3 microcode 0xe0, cmov, cx8, fxsr, mmx, sse, sse2, sse3, ssse3, sse4.1, sse4.2, popcnt, avx, avx2, aes, clmul, erms, 3dnowpref, lzcnt, ht, tsc, tscinvbit, bmi1, bmi2, adx, fma

Memory: 4k page, system-wide physical 7522M (588M free)
TotalPageFile size 31074M (AvailPageFile size 5M)
current process WorkingSet (physical memory assigned to process): 469M, peak: 504M
current process commit charge ("private bytes"): 637M, peak: 639M

vm_info: OpenJDK 64-Bit Server VM (11.0.10+0-b96-7249189) for windows-amd64 JRE (11.0.10+0-b96-7249189), built on Mar 31 2021 21:44:00 by "builder" with MS VC++ 14.0 (VS2015)

END.
